The system is: Linux - 5.10.16.3-microsoft-standard-WSL2 - x86_64
Compiling the C compiler identification source file "CMakeCCompilerId.c" succeeded.
Compiler: /usr/bin/cc 
Build flags: 
Id flags:  

The output was:
0


Compilation of the C compiler identification source "CMakeCCompilerId.c" produced "a.out"

The C compiler identification is GNU, found in "/home/ztx/SPDZ/mspdz/CMakeFiles/3.22.1/CompilerIdC/a.out"

Compiling the CXX compiler identification source file "CMakeCXXCompilerId.cpp" succeeded.
Compiler: /usr/bin/c++ 
Build flags: 
Id flags:  

The output was:
0


Compilation of the CXX compiler identification source "CMakeCXXCompilerId.cpp" produced "a.out"

The CXX compiler identification is GNU, found in "/home/ztx/SPDZ/mspdz/CMakeFiles/3.22.1/CompilerIdCXX/a.out"

Detecting C compiler ABI info compiled with the following output:
Change Dir: /home/ztx/SPDZ/mspdz/CMakeFiles/CMakeTmp

Run Build Command(s):/usr/bin/gmake -f Makefile cmTC_8f9c0/fast && /usr/bin/gmake  -f CMakeFiles/cmTC_8f9c0.dir/build.make CMakeFiles/cmTC_8f9c0.dir/build
gmake[1]: Entering directory '/home/ztx/SPDZ/mspdz/CMakeFiles/CMakeTmp'
Building C object CMakeFiles/cmTC_8f9c0.dir/CMakeCCompilerABI.c.o
/usr/bin/cc   -v -o CMakeFiles/cmTC_8f9c0.dir/CMakeCCompilerABI.c.o -c /usr/share/cmake-3.22/Modules/CMakeCCompilerABI.c
Using built-in specs.
COLLECT_GCC=/usr/bin/cc
OFFLOAD_TARGET_NAMES=nvptx-none:amdgcn-amdhsa
OFFLOAD_TARGET_DEFAULT=1
Target: x86_64-linux-gnu
Configured with: ../src/configure -v --with-pkgversion='Ubuntu 11.4.0-1ubuntu1~22.04' --with-bugurl=file:///usr/share/doc/gcc-11/README.Bugs --enable-languages=c,ada,c++,go,brig,d,fortran,objc,obj-c++,m2 --prefix=/usr --with-gcc-major-version-only --program-suffix=-11 --program-prefix=x86_64-linux-gnu- --enable-shared --enable-linker-build-id --libexecdir=/usr/lib --without-included-gettext --enable-threads=posix --libdir=/usr/lib --enable-nls --enable-bootstrap --enable-clocale=gnu --enable-libstdcxx-debug --enable-libstdcxx-time=yes --with-default-libstdcxx-abi=new --enable-gnu-unique-object --disable-vtable-verify --enable-plugin --enable-default-pie --with-system-zlib --enable-libphobos-checking=release --with-target-system-zlib=auto --enable-objc-gc=auto --enable-multiarch --disable-werror --enable-cet --with-arch-32=i686 --with-abi=m64 --with-multilib-list=m32,m64,mx32 --enable-multilib --with-tune=generic --enable-offload-targets=nvptx-none=/build/gcc-11-XeT9lY/gcc-11-11.4.0/debian/tmp-nvptx/usr,amdgcn-amdhsa=/build/gcc-11-XeT9lY/gcc-11-11.4.0/debian/tmp-gcn/usr --without-cuda-driver --enable-checking=release --build=x86_64-linux-gnu --host=x86_64-linux-gnu --target=x86_64-linux-gnu --with-build-config=bootstrap-lto-lean --enable-link-serialization=2
Thread model: posix
Supported LTO compression algorithms: zlib zstd
gcc version 11.4.0 (Ubuntu 11.4.0-1ubuntu1~22.04) 
COLLECT_GCC_OPTIONS='-v' '-o' 'CMakeFiles/cmTC_8f9c0.dir/CMakeCCompilerABI.c.o' '-c' '-mtune=generic' '-march=x86-64' '-dumpdir' 'CMakeFiles/cmTC_8f9c0.dir/'
 /usr/lib/gcc/x86_64-linux-gnu/11/cc1 -quiet -v -imultiarch x86_64-linux-gnu /usr/share/cmake-3.22/Modules/CMakeCCompilerABI.c -quiet -dumpdir CMakeFiles/cmTC_8f9c0.dir/ -dumpbase CMakeCCompilerABI.c.c -dumpbase-ext .c -mtune=generic -march=x86-64 -version -fasynchronous-unwind-tables -fstack-protector-strong -Wformat -Wformat-security -fstack-clash-protection -fcf-protection -o /tmp/ccbV5ikn.s
GNU C17 (Ubuntu 11.4.0-1ubuntu1~22.04) version 11.4.0 (x86_64-linux-gnu)
	compiled by GNU C version 11.4.0, GMP version 6.2.1, MPFR version 4.1.0, MPC version 1.2.1, isl version isl-0.24-GMP

GGC heuristics: --param ggc-min-expand=100 --param ggc-min-heapsize=131072
ignoring nonexistent directory "/usr/local/include/x86_64-linux-gnu"
ignoring nonexistent directory "/usr/lib/gcc/x86_64-linux-gnu/11/include-fixed"
ignoring nonexistent directory "/usr/lib/gcc/x86_64-linux-gnu/11/../../../../x86_64-linux-gnu/include"
#include "..." search starts here:
#include <...> search starts here:
 /usr/lib/gcc/x86_64-linux-gnu/11/include
 /usr/local/include
 /usr/include/x86_64-linux-gnu
 /usr/include
End of search list.
GNU C17 (Ubuntu 11.4.0-1ubuntu1~22.04) version 11.4.0 (x86_64-linux-gnu)
	compiled by GNU C version 11.4.0, GMP version 6.2.1, MPFR version 4.1.0, MPC version 1.2.1, isl version isl-0.24-GMP

GGC heuristics: --param ggc-min-expand=100 --param ggc-min-heapsize=131072
Compiler executable checksum: 50eaa2331df977b8016186198deb2d18
COLLECT_GCC_OPTIONS='-v' '-o' 'CMakeFiles/cmTC_8f9c0.dir/CMakeCCompilerABI.c.o' '-c' '-mtune=generic' '-march=x86-64' '-dumpdir' 'CMakeFiles/cmTC_8f9c0.dir/'
 as -v --64 -o CMakeFiles/cmTC_8f9c0.dir/CMakeCCompilerABI.c.o /tmp/ccbV5ikn.s
GNU assembler version 2.38 (x86_64-linux-gnu) using BFD version (GNU Binutils for Ubuntu) 2.38
COMPILER_PATH=/usr/lib/gcc/x86_64-linux-gnu/11/:/usr/lib/gcc/x86_64-linux-gnu/11/:/usr/lib/gcc/x86_64-linux-gnu/:/usr/lib/gcc/x86_64-linux-gnu/11/:/usr/lib/gcc/x86_64-linux-gnu/
LIBRARY_PATH=/usr/lib/gcc/x86_64-linux-gnu/11/:/usr/lib/gcc/x86_64-linux-gnu/11/../../../x86_64-linux-gnu/:/usr/lib/gcc/x86_64-linux-gnu/11/../../../../lib/:/lib/x86_64-linux-gnu/:/lib/../lib/:/usr/lib/x86_64-linux-gnu/:/usr/lib/../lib/:/usr/lib/gcc/x86_64-linux-gnu/11/../../../:/lib/:/usr/lib/
COLLECT_GCC_OPTIONS='-v' '-o' 'CMakeFiles/cmTC_8f9c0.dir/CMakeCCompilerABI.c.o' '-c' '-mtune=generic' '-march=x86-64' '-dumpdir' 'CMakeFiles/cmTC_8f9c0.dir/CMakeCCompilerABI.c.'
Linking C executable cmTC_8f9c0
/usr/bin/cmake -E cmake_link_script CMakeFiles/cmTC_8f9c0.dir/link.txt --verbose=1
/usr/bin/cc  -v -rdynamic CMakeFiles/cmTC_8f9c0.dir/CMakeCCompilerABI.c.o -o cmTC_8f9c0 
Using built-in specs.
COLLECT_GCC=/usr/bin/cc
COLLECT_LTO_WRAPPER=/usr/lib/gcc/x86_64-linux-gnu/11/lto-wrapper
OFFLOAD_TARGET_NAMES=nvptx-none:amdgcn-amdhsa
OFFLOAD_TARGET_DEFAULT=1
Target: x86_64-linux-gnu
Configured with: ../src/configure -v --with-pkgversion='Ubuntu 11.4.0-1ubuntu1~22.04' --with-bugurl=file:///usr/share/doc/gcc-11/README.Bugs --enable-languages=c,ada,c++,go,brig,d,fortran,objc,obj-c++,m2 --prefix=/usr --with-gcc-major-version-only --program-suffix=-11 --program-prefix=x86_64-linux-gnu- --enable-shared --enable-linker-build-id --libexecdir=/usr/lib --without-included-gettext --enable-threads=posix --libdir=/usr/lib --enable-nls --enable-bootstrap --enable-clocale=gnu --enable-libstdcxx-debug --enable-libstdcxx-time=yes --with-default-libstdcxx-abi=new --enable-gnu-unique-object --disable-vtable-verify --enable-plugin --enable-default-pie --with-system-zlib --enable-libphobos-checking=release --with-target-system-zlib=auto --enable-objc-gc=auto --enable-multiarch --disable-werror --enable-cet --with-arch-32=i686 --with-abi=m64 --with-multilib-list=m32,m64,mx32 --enable-multilib --with-tune=generic --enable-offload-targets=nvptx-none=/build/gcc-11-XeT9lY/gcc-11-11.4.0/debian/tmp-nvptx/usr,amdgcn-amdhsa=/build/gcc-11-XeT9lY/gcc-11-11.4.0/debian/tmp-gcn/usr --without-cuda-driver --enable-checking=release --build=x86_64-linux-gnu --host=x86_64-linux-gnu --target=x86_64-linux-gnu --with-build-config=bootstrap-lto-lean --enable-link-serialization=2
Thread model: posix
Supported LTO compression algorithms: zlib zstd
gcc version 11.4.0 (Ubuntu 11.4.0-1ubuntu1~22.04) 
COMPILER_PATH=/usr/lib/gcc/x86_64-linux-gnu/11/:/usr/lib/gcc/x86_64-linux-gnu/11/:/usr/lib/gcc/x86_64-linux-gnu/:/usr/lib/gcc/x86_64-linux-gnu/11/:/usr/lib/gcc/x86_64-linux-gnu/
LIBRARY_PATH=/usr/lib/gcc/x86_64-linux-gnu/11/:/usr/lib/gcc/x86_64-linux-gnu/11/../../../x86_64-linux-gnu/:/usr/lib/gcc/x86_64-linux-gnu/11/../../../../lib/:/lib/x86_64-linux-gnu/:/lib/../lib/:/usr/lib/x86_64-linux-gnu/:/usr/lib/../lib/:/usr/lib/gcc/x86_64-linux-gnu/11/../../../:/lib/:/usr/lib/
COLLECT_GCC_OPTIONS='-v' '-rdynamic' '-o' 'cmTC_8f9c0' '-mtune=generic' '-march=x86-64' '-dumpdir' 'cmTC_8f9c0.'
 /usr/lib/gcc/x86_64-linux-gnu/11/collect2 -plugin /usr/lib/gcc/x86_64-linux-gnu/11/liblto_plugin.so -plugin-opt=/usr/lib/gcc/x86_64-linux-gnu/11/lto-wrapper -plugin-opt=-fresolution=/tmp/ccOocngN.res -plugin-opt=-pass-through=-lgcc -plugin-opt=-pass-through=-lgcc_s -plugin-opt=-pass-through=-lc -plugin-opt=-pass-through=-lgcc -plugin-opt=-pass-through=-lgcc_s --build-id --eh-frame-hdr -m elf_x86_64 --hash-style=gnu --as-needed -export-dynamic -dynamic-linker /lib64/ld-linux-x86-64.so.2 -pie -z now -z relro -o cmTC_8f9c0 /usr/lib/gcc/x86_64-linux-gnu/11/../../../x86_64-linux-gnu/Scrt1.o /usr/lib/gcc/x86_64-linux-gnu/11/../../../x86_64-linux-gnu/crti.o /usr/lib/gcc/x86_64-linux-gnu/11/crtbeginS.o -L/usr/lib/gcc/x86_64-linux-gnu/11 -L/usr/lib/gcc/x86_64-linux-gnu/11/../../../x86_64-linux-gnu -L/usr/lib/gcc/x86_64-linux-gnu/11/../../../../lib -L/lib/x86_64-linux-gnu -L/lib/../lib -L/usr/lib/x86_64-linux-gnu -L/usr/lib/../lib -L/usr/lib/gcc/x86_64-linux-gnu/11/../../.. CMakeFiles/cmTC_8f9c0.dir/CMakeCCompilerABI.c.o -lgcc --push-state --as-needed -lgcc_s --pop-state -lc -lgcc --push-state --as-needed -lgcc_s --pop-state /usr/lib/gcc/x86_64-linux-gnu/11/crtendS.o /usr/lib/gcc/x86_64-linux-gnu/11/../../../x86_64-linux-gnu/crtn.o
COLLECT_GCC_OPTIONS='-v' '-rdynamic' '-o' 'cmTC_8f9c0' '-mtune=generic' '-march=x86-64' '-dumpdir' 'cmTC_8f9c0.'
gmake[1]: Leaving directory '/home/ztx/SPDZ/mspdz/CMakeFiles/CMakeTmp'



Parsed C implicit include dir info from above output: rv=done
  found start of include info
  found start of implicit include info
    add: [/usr/lib/gcc/x86_64-linux-gnu/11/include]
    add: [/usr/local/include]
    add: [/usr/include/x86_64-linux-gnu]
    add: [/usr/include]
  end of search list found
  collapse include dir [/usr/lib/gcc/x86_64-linux-gnu/11/include] ==> [/usr/lib/gcc/x86_64-linux-gnu/11/include]
  collapse include dir [/usr/local/include] ==> [/usr/local/include]
  collapse include dir [/usr/include/x86_64-linux-gnu] ==> [/usr/include/x86_64-linux-gnu]
  collapse include dir [/usr/include] ==> [/usr/include]
  implicit include dirs: [/usr/lib/gcc/x86_64-linux-gnu/11/include;/usr/local/include;/usr/include/x86_64-linux-gnu;/usr/include]


Parsed C implicit link information from above output:
  link line regex: [^( *|.*[/\])(ld|CMAKE_LINK_STARTFILE-NOTFOUND|([^/\]+-)?ld|collect2)[^/\]*( |$)]
  ignore line: [Change Dir: /home/ztx/SPDZ/mspdz/CMakeFiles/CMakeTmp]
  ignore line: []
  ignore line: [Run Build Command(s):/usr/bin/gmake -f Makefile cmTC_8f9c0/fast && /usr/bin/gmake  -f CMakeFiles/cmTC_8f9c0.dir/build.make CMakeFiles/cmTC_8f9c0.dir/build]
  ignore line: [gmake[1]: Entering directory '/home/ztx/SPDZ/mspdz/CMakeFiles/CMakeTmp']
  ignore line: [Building C object CMakeFiles/cmTC_8f9c0.dir/CMakeCCompilerABI.c.o]
  ignore line: [/usr/bin/cc   -v -o CMakeFiles/cmTC_8f9c0.dir/CMakeCCompilerABI.c.o -c /usr/share/cmake-3.22/Modules/CMakeCCompilerABI.c]
  ignore line: [Using built-in specs.]
  ignore line: [COLLECT_GCC=/usr/bin/cc]
  ignore line: [OFFLOAD_TARGET_NAMES=nvptx-none:amdgcn-amdhsa]
  ignore line: [OFFLOAD_TARGET_DEFAULT=1]
  ignore line: [Target: x86_64-linux-gnu]
  ignore line: [Configured with: ../src/configure -v --with-pkgversion='Ubuntu 11.4.0-1ubuntu1~22.04' --with-bugurl=file:///usr/share/doc/gcc-11/README.Bugs --enable-languages=c ada c++ go brig d fortran objc obj-c++ m2 --prefix=/usr --with-gcc-major-version-only --program-suffix=-11 --program-prefix=x86_64-linux-gnu- --enable-shared --enable-linker-build-id --libexecdir=/usr/lib --without-included-gettext --enable-threads=posix --libdir=/usr/lib --enable-nls --enable-bootstrap --enable-clocale=gnu --enable-libstdcxx-debug --enable-libstdcxx-time=yes --with-default-libstdcxx-abi=new --enable-gnu-unique-object --disable-vtable-verify --enable-plugin --enable-default-pie --with-system-zlib --enable-libphobos-checking=release --with-target-system-zlib=auto --enable-objc-gc=auto --enable-multiarch --disable-werror --enable-cet --with-arch-32=i686 --with-abi=m64 --with-multilib-list=m32 m64 mx32 --enable-multilib --with-tune=generic --enable-offload-targets=nvptx-none=/build/gcc-11-XeT9lY/gcc-11-11.4.0/debian/tmp-nvptx/usr amdgcn-amdhsa=/build/gcc-11-XeT9lY/gcc-11-11.4.0/debian/tmp-gcn/usr --without-cuda-driver --enable-checking=release --build=x86_64-linux-gnu --host=x86_64-linux-gnu --target=x86_64-linux-gnu --with-build-config=bootstrap-lto-lean --enable-link-serialization=2]
  ignore line: [Thread model: posix]
  ignore line: [Supported LTO compression algorithms: zlib zstd]
  ignore line: [gcc version 11.4.0 (Ubuntu 11.4.0-1ubuntu1~22.04) ]
  ignore line: [COLLECT_GCC_OPTIONS='-v' '-o' 'CMakeFiles/cmTC_8f9c0.dir/CMakeCCompilerABI.c.o' '-c' '-mtune=generic' '-march=x86-64' '-dumpdir' 'CMakeFiles/cmTC_8f9c0.dir/']
  ignore line: [ /usr/lib/gcc/x86_64-linux-gnu/11/cc1 -quiet -v -imultiarch x86_64-linux-gnu /usr/share/cmake-3.22/Modules/CMakeCCompilerABI.c -quiet -dumpdir CMakeFiles/cmTC_8f9c0.dir/ -dumpbase CMakeCCompilerABI.c.c -dumpbase-ext .c -mtune=generic -march=x86-64 -version -fasynchronous-unwind-tables -fstack-protector-strong -Wformat -Wformat-security -fstack-clash-protection -fcf-protection -o /tmp/ccbV5ikn.s]
  ignore line: [GNU C17 (Ubuntu 11.4.0-1ubuntu1~22.04) version 11.4.0 (x86_64-linux-gnu)]
  ignore line: [	compiled by GNU C version 11.4.0  GMP version 6.2.1  MPFR version 4.1.0  MPC version 1.2.1  isl version isl-0.24-GMP]
  ignore line: []
  ignore line: [GGC heuristics: --param ggc-min-expand=100 --param ggc-min-heapsize=131072]
  ignore line: [ignoring nonexistent directory "/usr/local/include/x86_64-linux-gnu"]
  ignore line: [ignoring nonexistent directory "/usr/lib/gcc/x86_64-linux-gnu/11/include-fixed"]
  ignore line: [ignoring nonexistent directory "/usr/lib/gcc/x86_64-linux-gnu/11/../../../../x86_64-linux-gnu/include"]
  ignore line: [#include "..." search starts here:]
  ignore line: [#include <...> search starts here:]
  ignore line: [ /usr/lib/gcc/x86_64-linux-gnu/11/include]
  ignore line: [ /usr/local/include]
  ignore line: [ /usr/include/x86_64-linux-gnu]
  ignore line: [ /usr/include]
  ignore line: [End of search list.]
  ignore line: [GNU C17 (Ubuntu 11.4.0-1ubuntu1~22.04) version 11.4.0 (x86_64-linux-gnu)]
  ignore line: [	compiled by GNU C version 11.4.0  GMP version 6.2.1  MPFR version 4.1.0  MPC version 1.2.1  isl version isl-0.24-GMP]
  ignore line: []
  ignore line: [GGC heuristics: --param ggc-min-expand=100 --param ggc-min-heapsize=131072]
  ignore line: [Compiler executable checksum: 50eaa2331df977b8016186198deb2d18]
  ignore line: [COLLECT_GCC_OPTIONS='-v' '-o' 'CMakeFiles/cmTC_8f9c0.dir/CMakeCCompilerABI.c.o' '-c' '-mtune=generic' '-march=x86-64' '-dumpdir' 'CMakeFiles/cmTC_8f9c0.dir/']
  ignore line: [ as -v --64 -o CMakeFiles/cmTC_8f9c0.dir/CMakeCCompilerABI.c.o /tmp/ccbV5ikn.s]
  ignore line: [GNU assembler version 2.38 (x86_64-linux-gnu) using BFD version (GNU Binutils for Ubuntu) 2.38]
  ignore line: [COMPILER_PATH=/usr/lib/gcc/x86_64-linux-gnu/11/:/usr/lib/gcc/x86_64-linux-gnu/11/:/usr/lib/gcc/x86_64-linux-gnu/:/usr/lib/gcc/x86_64-linux-gnu/11/:/usr/lib/gcc/x86_64-linux-gnu/]
  ignore line: [LIBRARY_PATH=/usr/lib/gcc/x86_64-linux-gnu/11/:/usr/lib/gcc/x86_64-linux-gnu/11/../../../x86_64-linux-gnu/:/usr/lib/gcc/x86_64-linux-gnu/11/../../../../lib/:/lib/x86_64-linux-gnu/:/lib/../lib/:/usr/lib/x86_64-linux-gnu/:/usr/lib/../lib/:/usr/lib/gcc/x86_64-linux-gnu/11/../../../:/lib/:/usr/lib/]
  ignore line: [COLLECT_GCC_OPTIONS='-v' '-o' 'CMakeFiles/cmTC_8f9c0.dir/CMakeCCompilerABI.c.o' '-c' '-mtune=generic' '-march=x86-64' '-dumpdir' 'CMakeFiles/cmTC_8f9c0.dir/CMakeCCompilerABI.c.']
  ignore line: [Linking C executable cmTC_8f9c0]
  ignore line: [/usr/bin/cmake -E cmake_link_script CMakeFiles/cmTC_8f9c0.dir/link.txt --verbose=1]
  ignore line: [/usr/bin/cc  -v -rdynamic CMakeFiles/cmTC_8f9c0.dir/CMakeCCompilerABI.c.o -o cmTC_8f9c0 ]
  ignore line: [Using built-in specs.]
  ignore line: [COLLECT_GCC=/usr/bin/cc]
  ignore line: [COLLECT_LTO_WRAPPER=/usr/lib/gcc/x86_64-linux-gnu/11/lto-wrapper]
  ignore line: [OFFLOAD_TARGET_NAMES=nvptx-none:amdgcn-amdhsa]
  ignore line: [OFFLOAD_TARGET_DEFAULT=1]
  ignore line: [Target: x86_64-linux-gnu]
  ignore line: [Configured with: ../src/configure -v --with-pkgversion='Ubuntu 11.4.0-1ubuntu1~22.04' --with-bugurl=file:///usr/share/doc/gcc-11/README.Bugs --enable-languages=c ada c++ go brig d fortran objc obj-c++ m2 --prefix=/usr --with-gcc-major-version-only --program-suffix=-11 --program-prefix=x86_64-linux-gnu- --enable-shared --enable-linker-build-id --libexecdir=/usr/lib --without-included-gettext --enable-threads=posix --libdir=/usr/lib --enable-nls --enable-bootstrap --enable-clocale=gnu --enable-libstdcxx-debug --enable-libstdcxx-time=yes --with-default-libstdcxx-abi=new --enable-gnu-unique-object --disable-vtable-verify --enable-plugin --enable-default-pie --with-system-zlib --enable-libphobos-checking=release --with-target-system-zlib=auto --enable-objc-gc=auto --enable-multiarch --disable-werror --enable-cet --with-arch-32=i686 --with-abi=m64 --with-multilib-list=m32 m64 mx32 --enable-multilib --with-tune=generic --enable-offload-targets=nvptx-none=/build/gcc-11-XeT9lY/gcc-11-11.4.0/debian/tmp-nvptx/usr amdgcn-amdhsa=/build/gcc-11-XeT9lY/gcc-11-11.4.0/debian/tmp-gcn/usr --without-cuda-driver --enable-checking=release --build=x86_64-linux-gnu --host=x86_64-linux-gnu --target=x86_64-linux-gnu --with-build-config=bootstrap-lto-lean --enable-link-serialization=2]
  ignore line: [Thread model: posix]
  ignore line: [Supported LTO compression algorithms: zlib zstd]
  ignore line: [gcc version 11.4.0 (Ubuntu 11.4.0-1ubuntu1~22.04) ]
  ignore line: [COMPILER_PATH=/usr/lib/gcc/x86_64-linux-gnu/11/:/usr/lib/gcc/x86_64-linux-gnu/11/:/usr/lib/gcc/x86_64-linux-gnu/:/usr/lib/gcc/x86_64-linux-gnu/11/:/usr/lib/gcc/x86_64-linux-gnu/]
  ignore line: [LIBRARY_PATH=/usr/lib/gcc/x86_64-linux-gnu/11/:/usr/lib/gcc/x86_64-linux-gnu/11/../../../x86_64-linux-gnu/:/usr/lib/gcc/x86_64-linux-gnu/11/../../../../lib/:/lib/x86_64-linux-gnu/:/lib/../lib/:/usr/lib/x86_64-linux-gnu/:/usr/lib/../lib/:/usr/lib/gcc/x86_64-linux-gnu/11/../../../:/lib/:/usr/lib/]
  ignore line: [COLLECT_GCC_OPTIONS='-v' '-rdynamic' '-o' 'cmTC_8f9c0' '-mtune=generic' '-march=x86-64' '-dumpdir' 'cmTC_8f9c0.']
  link line: [ /usr/lib/gcc/x86_64-linux-gnu/11/collect2 -plugin /usr/lib/gcc/x86_64-linux-gnu/11/liblto_plugin.so -plugin-opt=/usr/lib/gcc/x86_64-linux-gnu/11/lto-wrapper -plugin-opt=-fresolution=/tmp/ccOocngN.res -plugin-opt=-pass-through=-lgcc -plugin-opt=-pass-through=-lgcc_s -plugin-opt=-pass-through=-lc -plugin-opt=-pass-through=-lgcc -plugin-opt=-pass-through=-lgcc_s --build-id --eh-frame-hdr -m elf_x86_64 --hash-style=gnu --as-needed -export-dynamic -dynamic-linker /lib64/ld-linux-x86-64.so.2 -pie -z now -z relro -o cmTC_8f9c0 /usr/lib/gcc/x86_64-linux-gnu/11/../../../x86_64-linux-gnu/Scrt1.o /usr/lib/gcc/x86_64-linux-gnu/11/../../../x86_64-linux-gnu/crti.o /usr/lib/gcc/x86_64-linux-gnu/11/crtbeginS.o -L/usr/lib/gcc/x86_64-linux-gnu/11 -L/usr/lib/gcc/x86_64-linux-gnu/11/../../../x86_64-linux-gnu -L/usr/lib/gcc/x86_64-linux-gnu/11/../../../../lib -L/lib/x86_64-linux-gnu -L/lib/../lib -L/usr/lib/x86_64-linux-gnu -L/usr/lib/../lib -L/usr/lib/gcc/x86_64-linux-gnu/11/../../.. CMakeFiles/cmTC_8f9c0.dir/CMakeCCompilerABI.c.o -lgcc --push-state --as-needed -lgcc_s --pop-state -lc -lgcc --push-state --as-needed -lgcc_s --pop-state /usr/lib/gcc/x86_64-linux-gnu/11/crtendS.o /usr/lib/gcc/x86_64-linux-gnu/11/../../../x86_64-linux-gnu/crtn.o]
    arg [/usr/lib/gcc/x86_64-linux-gnu/11/collect2] ==> ignore
    arg [-plugin] ==> ignore
    arg [/usr/lib/gcc/x86_64-linux-gnu/11/liblto_plugin.so] ==> ignore
    arg [-plugin-opt=/usr/lib/gcc/x86_64-linux-gnu/11/lto-wrapper] ==> ignore
    arg [-plugin-opt=-fresolution=/tmp/ccOocngN.res] ==> ignore
    arg [-plugin-opt=-pass-through=-lgcc] ==> ignore
    arg [-plugin-opt=-pass-through=-lgcc_s] ==> ignore
    arg [-plugin-opt=-pass-through=-lc] ==> ignore
    arg [-plugin-opt=-pass-through=-lgcc] ==> ignore
    arg [-plugin-opt=-pass-through=-lgcc_s] ==> ignore
    arg [--build-id] ==> ignore
    arg [--eh-frame-hdr] ==> ignore
    arg [-m] ==> ignore
    arg [elf_x86_64] ==> ignore
    arg [--hash-style=gnu] ==> ignore
    arg [--as-needed] ==> ignore
    arg [-export-dynamic] ==> ignore
    arg [-dynamic-linker] ==> ignore
    arg [/lib64/ld-linux-x86-64.so.2] ==> ignore
    arg [-pie] ==> ignore
    arg [-znow] ==> ignore
    arg [-zrelro] ==> ignore
    arg [-o] ==> ignore
    arg [cmTC_8f9c0] ==> ignore
    arg [/usr/lib/gcc/x86_64-linux-gnu/11/../../../x86_64-linux-gnu/Scrt1.o] ==> obj [/usr/lib/gcc/x86_64-linux-gnu/11/../../../x86_64-linux-gnu/Scrt1.o]
    arg [/usr/lib/gcc/x86_64-linux-gnu/11/../../../x86_64-linux-gnu/crti.o] ==> obj [/usr/lib/gcc/x86_64-linux-gnu/11/../../../x86_64-linux-gnu/crti.o]
    arg [/usr/lib/gcc/x86_64-linux-gnu/11/crtbeginS.o] ==> obj [/usr/lib/gcc/x86_64-linux-gnu/11/crtbeginS.o]
    arg [-L/usr/lib/gcc/x86_64-linux-gnu/11] ==> dir [/usr/lib/gcc/x86_64-linux-gnu/11]
    arg [-L/usr/lib/gcc/x86_64-linux-gnu/11/../../../x86_64-linux-gnu] ==> dir [/usr/lib/gcc/x86_64-linux-gnu/11/../../../x86_64-linux-gnu]
    arg [-L/usr/lib/gcc/x86_64-linux-gnu/11/../../../../lib] ==> dir [/usr/lib/gcc/x86_64-linux-gnu/11/../../../../lib]
    arg [-L/lib/x86_64-linux-gnu] ==> dir [/lib/x86_64-linux-gnu]
    arg [-L/lib/../lib] ==> dir [/lib/../lib]
    arg [-L/usr/lib/x86_64-linux-gnu] ==> dir [/usr/lib/x86_64-linux-gnu]
    arg [-L/usr/lib/../lib] ==> dir [/usr/lib/../lib]
    arg [-L/usr/lib/gcc/x86_64-linux-gnu/11/../../..] ==> dir [/usr/lib/gcc/x86_64-linux-gnu/11/../../..]
    arg [CMakeFiles/cmTC_8f9c0.dir/CMakeCCompilerABI.c.o] ==> ignore
    arg [-lgcc] ==> lib [gcc]
    arg [--push-state] ==> ignore
    arg [--as-needed] ==> ignore
    arg [-lgcc_s] ==> lib [gcc_s]
    arg [--pop-state] ==> ignore
    arg [-lc] ==> lib [c]
    arg [-lgcc] ==> lib [gcc]
    arg [--push-state] ==> ignore
    arg [--as-needed] ==> ignore
    arg [-lgcc_s] ==> lib [gcc_s]
    arg [--pop-state] ==> ignore
    arg [/usr/lib/gcc/x86_64-linux-gnu/11/crtendS.o] ==> obj [/usr/lib/gcc/x86_64-linux-gnu/11/crtendS.o]
    arg [/usr/lib/gcc/x86_64-linux-gnu/11/../../../x86_64-linux-gnu/crtn.o] ==> obj [/usr/lib/gcc/x86_64-linux-gnu/11/../../../x86_64-linux-gnu/crtn.o]
  collapse obj [/usr/lib/gcc/x86_64-linux-gnu/11/../../../x86_64-linux-gnu/Scrt1.o] ==> [/usr/lib/x86_64-linux-gnu/Scrt1.o]
  collapse obj [/usr/lib/gcc/x86_64-linux-gnu/11/../../../x86_64-linux-gnu/crti.o] ==> [/usr/lib/x86_64-linux-gnu/crti.o]
  collapse obj [/usr/lib/gcc/x86_64-linux-gnu/11/../../../x86_64-linux-gnu/crtn.o] ==> [/usr/lib/x86_64-linux-gnu/crtn.o]
  collapse library dir [/usr/lib/gcc/x86_64-linux-gnu/11] ==> [/usr/lib/gcc/x86_64-linux-gnu/11]
  collapse library dir [/usr/lib/gcc/x86_64-linux-gnu/11/../../../x86_64-linux-gnu] ==> [/usr/lib/x86_64-linux-gnu]
  collapse library dir [/usr/lib/gcc/x86_64-linux-gnu/11/../../../../lib] ==> [/usr/lib]
  collapse library dir [/lib/x86_64-linux-gnu] ==> [/lib/x86_64-linux-gnu]
  collapse library dir [/lib/../lib] ==> [/lib]
  collapse library dir [/usr/lib/x86_64-linux-gnu] ==> [/usr/lib/x86_64-linux-gnu]
  collapse library dir [/usr/lib/../lib] ==> [/usr/lib]
  collapse library dir [/usr/lib/gcc/x86_64-linux-gnu/11/../../..] ==> [/usr/lib]
  implicit libs: [gcc;gcc_s;c;gcc;gcc_s]
  implicit objs: [/usr/lib/x86_64-linux-gnu/Scrt1.o;/usr/lib/x86_64-linux-gnu/crti.o;/usr/lib/gcc/x86_64-linux-gnu/11/crtbeginS.o;/usr/lib/gcc/x86_64-linux-gnu/11/crtendS.o;/usr/lib/x86_64-linux-gnu/crtn.o]
  implicit dirs: [/usr/lib/gcc/x86_64-linux-gnu/11;/usr/lib/x86_64-linux-gnu;/usr/lib;/lib/x86_64-linux-gnu;/lib]
  implicit fwks: []


Detecting CXX compiler ABI info compiled with the following output:
Change Dir: /home/ztx/SPDZ/mspdz/CMakeFiles/CMakeTmp

Run Build Command(s):/usr/bin/gmake -f Makefile cmTC_b3347/fast && /usr/bin/gmake  -f CMakeFiles/cmTC_b3347.dir/build.make CMakeFiles/cmTC_b3347.dir/build
gmake[1]: Entering directory '/home/ztx/SPDZ/mspdz/CMakeFiles/CMakeTmp'
Building CXX object CMakeFiles/cmTC_b3347.dir/CMakeCXXCompilerABI.cpp.o
/usr/bin/c++   -v -o CMakeFiles/cmTC_b3347.dir/CMakeCXXCompilerABI.cpp.o -c /usr/share/cmake-3.22/Modules/CMakeCXXCompilerABI.cpp
Using built-in specs.
COLLECT_GCC=/usr/bin/c++
OFFLOAD_TARGET_NAMES=nvptx-none:amdgcn-amdhsa
OFFLOAD_TARGET_DEFAULT=1
Target: x86_64-linux-gnu
Configured with: ../src/configure -v --with-pkgversion='Ubuntu 11.4.0-1ubuntu1~22.04' --with-bugurl=file:///usr/share/doc/gcc-11/README.Bugs --enable-languages=c,ada,c++,go,brig,d,fortran,objc,obj-c++,m2 --prefix=/usr --with-gcc-major-version-only --program-suffix=-11 --program-prefix=x86_64-linux-gnu- --enable-shared --enable-linker-build-id --libexecdir=/usr/lib --without-included-gettext --enable-threads=posix --libdir=/usr/lib --enable-nls --enable-bootstrap --enable-clocale=gnu --enable-libstdcxx-debug --enable-libstdcxx-time=yes --with-default-libstdcxx-abi=new --enable-gnu-unique-object --disable-vtable-verify --enable-plugin --enable-default-pie --with-system-zlib --enable-libphobos-checking=release --with-target-system-zlib=auto --enable-objc-gc=auto --enable-multiarch --disable-werror --enable-cet --with-arch-32=i686 --with-abi=m64 --with-multilib-list=m32,m64,mx32 --enable-multilib --with-tune=generic --enable-offload-targets=nvptx-none=/build/gcc-11-XeT9lY/gcc-11-11.4.0/debian/tmp-nvptx/usr,amdgcn-amdhsa=/build/gcc-11-XeT9lY/gcc-11-11.4.0/debian/tmp-gcn/usr --without-cuda-driver --enable-checking=release --build=x86_64-linux-gnu --host=x86_64-linux-gnu --target=x86_64-linux-gnu --with-build-config=bootstrap-lto-lean --enable-link-serialization=2
Thread model: posix
Supported LTO compression algorithms: zlib zstd
gcc version 11.4.0 (Ubuntu 11.4.0-1ubuntu1~22.04) 
COLLECT_GCC_OPTIONS='-v' '-o' 'CMakeFiles/cmTC_b3347.dir/CMakeCXXCompilerABI.cpp.o' '-c' '-shared-libgcc' '-mtune=generic' '-march=x86-64' '-dumpdir' 'CMakeFiles/cmTC_b3347.dir/'
 /usr/lib/gcc/x86_64-linux-gnu/11/cc1plus -quiet -v -imultiarch x86_64-linux-gnu -D_GNU_SOURCE /usr/share/cmake-3.22/Modules/CMakeCXXCompilerABI.cpp -quiet -dumpdir CMakeFiles/cmTC_b3347.dir/ -dumpbase CMakeCXXCompilerABI.cpp.cpp -dumpbase-ext .cpp -mtune=generic -march=x86-64 -version -fasynchronous-unwind-tables -fstack-protector-strong -Wformat -Wformat-security -fstack-clash-protection -fcf-protection -o /tmp/ccQ28GXf.s
GNU C++17 (Ubuntu 11.4.0-1ubuntu1~22.04) version 11.4.0 (x86_64-linux-gnu)
	compiled by GNU C version 11.4.0, GMP version 6.2.1, MPFR version 4.1.0, MPC version 1.2.1, isl version isl-0.24-GMP

GGC heuristics: --param ggc-min-expand=100 --param ggc-min-heapsize=131072
ignoring duplicate directory "/usr/include/x86_64-linux-gnu/c++/11"
ignoring nonexistent directory "/usr/local/include/x86_64-linux-gnu"
ignoring nonexistent directory "/usr/lib/gcc/x86_64-linux-gnu/11/include-fixed"
ignoring nonexistent directory "/usr/lib/gcc/x86_64-linux-gnu/11/../../../../x86_64-linux-gnu/include"
#include "..." search starts here:
#include <...> search starts here:
 /usr/include/c++/11
 /usr/include/x86_64-linux-gnu/c++/11
 /usr/include/c++/11/backward
 /usr/lib/gcc/x86_64-linux-gnu/11/include
 /usr/local/include
 /usr/include/x86_64-linux-gnu
 /usr/include
End of search list.
GNU C++17 (Ubuntu 11.4.0-1ubuntu1~22.04) version 11.4.0 (x86_64-linux-gnu)
	compiled by GNU C version 11.4.0, GMP version 6.2.1, MPFR version 4.1.0, MPC version 1.2.1, isl version isl-0.24-GMP

GGC heuristics: --param ggc-min-expand=100 --param ggc-min-heapsize=131072
Compiler executable checksum: d591828bb4d392ae8b7b160e5bb0b95f
COLLECT_GCC_OPTIONS='-v' '-o' 'CMakeFiles/cmTC_b3347.dir/CMakeCXXCompilerABI.cpp.o' '-c' '-shared-libgcc' '-mtune=generic' '-march=x86-64' '-dumpdir' 'CMakeFiles/cmTC_b3347.dir/'
 as -v --64 -o CMakeFiles/cmTC_b3347.dir/CMakeCXXCompilerABI.cpp.o /tmp/ccQ28GXf.s
GNU assembler version 2.38 (x86_64-linux-gnu) using BFD version (GNU Binutils for Ubuntu) 2.38
COMPILER_PATH=/usr/lib/gcc/x86_64-linux-gnu/11/:/usr/lib/gcc/x86_64-linux-gnu/11/:/usr/lib/gcc/x86_64-linux-gnu/:/usr/lib/gcc/x86_64-linux-gnu/11/:/usr/lib/gcc/x86_64-linux-gnu/
LIBRARY_PATH=/usr/lib/gcc/x86_64-linux-gnu/11/:/usr/lib/gcc/x86_64-linux-gnu/11/../../../x86_64-linux-gnu/:/usr/lib/gcc/x86_64-linux-gnu/11/../../../../lib/:/lib/x86_64-linux-gnu/:/lib/../lib/:/usr/lib/x86_64-linux-gnu/:/usr/lib/../lib/:/usr/lib/gcc/x86_64-linux-gnu/11/../../../:/lib/:/usr/lib/
COLLECT_GCC_OPTIONS='-v' '-o' 'CMakeFiles/cmTC_b3347.dir/CMakeCXXCompilerABI.cpp.o' '-c' '-shared-libgcc' '-mtune=generic' '-march=x86-64' '-dumpdir' 'CMakeFiles/cmTC_b3347.dir/CMakeCXXCompilerABI.cpp.'
Linking CXX executable cmTC_b3347
/usr/bin/cmake -E cmake_link_script CMakeFiles/cmTC_b3347.dir/link.txt --verbose=1
/usr/bin/c++  -v -rdynamic CMakeFiles/cmTC_b3347.dir/CMakeCXXCompilerABI.cpp.o -o cmTC_b3347 
Using built-in specs.
COLLECT_GCC=/usr/bin/c++
COLLECT_LTO_WRAPPER=/usr/lib/gcc/x86_64-linux-gnu/11/lto-wrapper
OFFLOAD_TARGET_NAMES=nvptx-none:amdgcn-amdhsa
OFFLOAD_TARGET_DEFAULT=1
Target: x86_64-linux-gnu
Configured with: ../src/configure -v --with-pkgversion='Ubuntu 11.4.0-1ubuntu1~22.04' --with-bugurl=file:///usr/share/doc/gcc-11/README.Bugs --enable-languages=c,ada,c++,go,brig,d,fortran,objc,obj-c++,m2 --prefix=/usr --with-gcc-major-version-only --program-suffix=-11 --program-prefix=x86_64-linux-gnu- --enable-shared --enable-linker-build-id --libexecdir=/usr/lib --without-included-gettext --enable-threads=posix --libdir=/usr/lib --enable-nls --enable-bootstrap --enable-clocale=gnu --enable-libstdcxx-debug --enable-libstdcxx-time=yes --with-default-libstdcxx-abi=new --enable-gnu-unique-object --disable-vtable-verify --enable-plugin --enable-default-pie --with-system-zlib --enable-libphobos-checking=release --with-target-system-zlib=auto --enable-objc-gc=auto --enable-multiarch --disable-werror --enable-cet --with-arch-32=i686 --with-abi=m64 --with-multilib-list=m32,m64,mx32 --enable-multilib --with-tune=generic --enable-offload-targets=nvptx-none=/build/gcc-11-XeT9lY/gcc-11-11.4.0/debian/tmp-nvptx/usr,amdgcn-amdhsa=/build/gcc-11-XeT9lY/gcc-11-11.4.0/debian/tmp-gcn/usr --without-cuda-driver --enable-checking=release --build=x86_64-linux-gnu --host=x86_64-linux-gnu --target=x86_64-linux-gnu --with-build-config=bootstrap-lto-lean --enable-link-serialization=2
Thread model: posix
Supported LTO compression algorithms: zlib zstd
gcc version 11.4.0 (Ubuntu 11.4.0-1ubuntu1~22.04) 
COMPILER_PATH=/usr/lib/gcc/x86_64-linux-gnu/11/:/usr/lib/gcc/x86_64-linux-gnu/11/:/usr/lib/gcc/x86_64-linux-gnu/:/usr/lib/gcc/x86_64-linux-gnu/11/:/usr/lib/gcc/x86_64-linux-gnu/
LIBRARY_PATH=/usr/lib/gcc/x86_64-linux-gnu/11/:/usr/lib/gcc/x86_64-linux-gnu/11/../../../x86_64-linux-gnu/:/usr/lib/gcc/x86_64-linux-gnu/11/../../../../lib/:/lib/x86_64-linux-gnu/:/lib/../lib/:/usr/lib/x86_64-linux-gnu/:/usr/lib/../lib/:/usr/lib/gcc/x86_64-linux-gnu/11/../../../:/lib/:/usr/lib/
COLLECT_GCC_OPTIONS='-v' '-rdynamic' '-o' 'cmTC_b3347' '-shared-libgcc' '-mtune=generic' '-march=x86-64' '-dumpdir' 'cmTC_b3347.'
 /usr/lib/gcc/x86_64-linux-gnu/11/collect2 -plugin /usr/lib/gcc/x86_64-linux-gnu/11/liblto_plugin.so -plugin-opt=/usr/lib/gcc/x86_64-linux-gnu/11/lto-wrapper -plugin-opt=-fresolution=/tmp/cciz9GMu.res -plugin-opt=-pass-through=-lgcc_s -plugin-opt=-pass-through=-lgcc -plugin-opt=-pass-through=-lc -plugin-opt=-pass-through=-lgcc_s -plugin-opt=-pass-through=-lgcc --build-id --eh-frame-hdr -m elf_x86_64 --hash-style=gnu --as-needed -export-dynamic -dynamic-linker /lib64/ld-linux-x86-64.so.2 -pie -z now -z relro -o cmTC_b3347 /usr/lib/gcc/x86_64-linux-gnu/11/../../../x86_64-linux-gnu/Scrt1.o /usr/lib/gcc/x86_64-linux-gnu/11/../../../x86_64-linux-gnu/crti.o /usr/lib/gcc/x86_64-linux-gnu/11/crtbeginS.o -L/usr/lib/gcc/x86_64-linux-gnu/11 -L/usr/lib/gcc/x86_64-linux-gnu/11/../../../x86_64-linux-gnu -L/usr/lib/gcc/x86_64-linux-gnu/11/../../../../lib -L/lib/x86_64-linux-gnu -L/lib/../lib -L/usr/lib/x86_64-linux-gnu -L/usr/lib/../lib -L/usr/lib/gcc/x86_64-linux-gnu/11/../../.. CMakeFiles/cmTC_b3347.dir/CMakeCXXCompilerABI.cpp.o -lstdc++ -lm -lgcc_s -lgcc -lc -lgcc_s -lgcc /usr/lib/gcc/x86_64-linux-gnu/11/crtendS.o /usr/lib/gcc/x86_64-linux-gnu/11/../../../x86_64-linux-gnu/crtn.o
COLLECT_GCC_OPTIONS='-v' '-rdynamic' '-o' 'cmTC_b3347' '-shared-libgcc' '-mtune=generic' '-march=x86-64' '-dumpdir' 'cmTC_b3347.'
gmake[1]: Leaving directory '/home/ztx/SPDZ/mspdz/CMakeFiles/CMakeTmp'



Parsed CXX implicit include dir info from above output: rv=done
  found start of include info
  found start of implicit include info
    add: [/usr/include/c++/11]
    add: [/usr/include/x86_64-linux-gnu/c++/11]
    add: [/usr/include/c++/11/backward]
    add: [/usr/lib/gcc/x86_64-linux-gnu/11/include]
    add: [/usr/local/include]
    add: [/usr/include/x86_64-linux-gnu]
    add: [/usr/include]
  end of search list found
  collapse include dir [/usr/include/c++/11] ==> [/usr/include/c++/11]
  collapse include dir [/usr/include/x86_64-linux-gnu/c++/11] ==> [/usr/include/x86_64-linux-gnu/c++/11]
  collapse include dir [/usr/include/c++/11/backward] ==> [/usr/include/c++/11/backward]
  collapse include dir [/usr/lib/gcc/x86_64-linux-gnu/11/include] ==> [/usr/lib/gcc/x86_64-linux-gnu/11/include]
  collapse include dir [/usr/local/include] ==> [/usr/local/include]
  collapse include dir [/usr/include/x86_64-linux-gnu] ==> [/usr/include/x86_64-linux-gnu]
  collapse include dir [/usr/include] ==> [/usr/include]
  implicit include dirs: [/usr/include/c++/11;/usr/include/x86_64-linux-gnu/c++/11;/usr/include/c++/11/backward;/usr/lib/gcc/x86_64-linux-gnu/11/include;/usr/local/include;/usr/include/x86_64-linux-gnu;/usr/include]


Parsed CXX implicit link information from above output:
  link line regex: [^( *|.*[/\])(ld|CMAKE_LINK_STARTFILE-NOTFOUND|([^/\]+-)?ld|collect2)[^/\]*( |$)]
  ignore line: [Change Dir: /home/ztx/SPDZ/mspdz/CMakeFiles/CMakeTmp]
  ignore line: []
  ignore line: [Run Build Command(s):/usr/bin/gmake -f Makefile cmTC_b3347/fast && /usr/bin/gmake  -f CMakeFiles/cmTC_b3347.dir/build.make CMakeFiles/cmTC_b3347.dir/build]
  ignore line: [gmake[1]: Entering directory '/home/ztx/SPDZ/mspdz/CMakeFiles/CMakeTmp']
  ignore line: [Building CXX object CMakeFiles/cmTC_b3347.dir/CMakeCXXCompilerABI.cpp.o]
  ignore line: [/usr/bin/c++   -v -o CMakeFiles/cmTC_b3347.dir/CMakeCXXCompilerABI.cpp.o -c /usr/share/cmake-3.22/Modules/CMakeCXXCompilerABI.cpp]
  ignore line: [Using built-in specs.]
  ignore line: [COLLECT_GCC=/usr/bin/c++]
  ignore line: [OFFLOAD_TARGET_NAMES=nvptx-none:amdgcn-amdhsa]
  ignore line: [OFFLOAD_TARGET_DEFAULT=1]
  ignore line: [Target: x86_64-linux-gnu]
  ignore line: [Configured with: ../src/configure -v --with-pkgversion='Ubuntu 11.4.0-1ubuntu1~22.04' --with-bugurl=file:///usr/share/doc/gcc-11/README.Bugs --enable-languages=c ada c++ go brig d fortran objc obj-c++ m2 --prefix=/usr --with-gcc-major-version-only --program-suffix=-11 --program-prefix=x86_64-linux-gnu- --enable-shared --enable-linker-build-id --libexecdir=/usr/lib --without-included-gettext --enable-threads=posix --libdir=/usr/lib --enable-nls --enable-bootstrap --enable-clocale=gnu --enable-libstdcxx-debug --enable-libstdcxx-time=yes --with-default-libstdcxx-abi=new --enable-gnu-unique-object --disable-vtable-verify --enable-plugin --enable-default-pie --with-system-zlib --enable-libphobos-checking=release --with-target-system-zlib=auto --enable-objc-gc=auto --enable-multiarch --disable-werror --enable-cet --with-arch-32=i686 --with-abi=m64 --with-multilib-list=m32 m64 mx32 --enable-multilib --with-tune=generic --enable-offload-targets=nvptx-none=/build/gcc-11-XeT9lY/gcc-11-11.4.0/debian/tmp-nvptx/usr amdgcn-amdhsa=/build/gcc-11-XeT9lY/gcc-11-11.4.0/debian/tmp-gcn/usr --without-cuda-driver --enable-checking=release --build=x86_64-linux-gnu --host=x86_64-linux-gnu --target=x86_64-linux-gnu --with-build-config=bootstrap-lto-lean --enable-link-serialization=2]
  ignore line: [Thread model: posix]
  ignore line: [Supported LTO compression algorithms: zlib zstd]
  ignore line: [gcc version 11.4.0 (Ubuntu 11.4.0-1ubuntu1~22.04) ]
  ignore line: [COLLECT_GCC_OPTIONS='-v' '-o' 'CMakeFiles/cmTC_b3347.dir/CMakeCXXCompilerABI.cpp.o' '-c' '-shared-libgcc' '-mtune=generic' '-march=x86-64' '-dumpdir' 'CMakeFiles/cmTC_b3347.dir/']
  ignore line: [ /usr/lib/gcc/x86_64-linux-gnu/11/cc1plus -quiet -v -imultiarch x86_64-linux-gnu -D_GNU_SOURCE /usr/share/cmake-3.22/Modules/CMakeCXXCompilerABI.cpp -quiet -dumpdir CMakeFiles/cmTC_b3347.dir/ -dumpbase CMakeCXXCompilerABI.cpp.cpp -dumpbase-ext .cpp -mtune=generic -march=x86-64 -version -fasynchronous-unwind-tables -fstack-protector-strong -Wformat -Wformat-security -fstack-clash-protection -fcf-protection -o /tmp/ccQ28GXf.s]
  ignore line: [GNU C++17 (Ubuntu 11.4.0-1ubuntu1~22.04) version 11.4.0 (x86_64-linux-gnu)]
  ignore line: [	compiled by GNU C version 11.4.0  GMP version 6.2.1  MPFR version 4.1.0  MPC version 1.2.1  isl version isl-0.24-GMP]
  ignore line: []
  ignore line: [GGC heuristics: --param ggc-min-expand=100 --param ggc-min-heapsize=131072]
  ignore line: [ignoring duplicate directory "/usr/include/x86_64-linux-gnu/c++/11"]
  ignore line: [ignoring nonexistent directory "/usr/local/include/x86_64-linux-gnu"]
  ignore line: [ignoring nonexistent directory "/usr/lib/gcc/x86_64-linux-gnu/11/include-fixed"]
  ignore line: [ignoring nonexistent directory "/usr/lib/gcc/x86_64-linux-gnu/11/../../../../x86_64-linux-gnu/include"]
  ignore line: [#include "..." search starts here:]
  ignore line: [#include <...> search starts here:]
  ignore line: [ /usr/include/c++/11]
  ignore line: [ /usr/include/x86_64-linux-gnu/c++/11]
  ignore line: [ /usr/include/c++/11/backward]
  ignore line: [ /usr/lib/gcc/x86_64-linux-gnu/11/include]
  ignore line: [ /usr/local/include]
  ignore line: [ /usr/include/x86_64-linux-gnu]
  ignore line: [ /usr/include]
  ignore line: [End of search list.]
  ignore line: [GNU C++17 (Ubuntu 11.4.0-1ubuntu1~22.04) version 11.4.0 (x86_64-linux-gnu)]
  ignore line: [	compiled by GNU C version 11.4.0  GMP version 6.2.1  MPFR version 4.1.0  MPC version 1.2.1  isl version isl-0.24-GMP]
  ignore line: []
  ignore line: [GGC heuristics: --param ggc-min-expand=100 --param ggc-min-heapsize=131072]
  ignore line: [Compiler executable checksum: d591828bb4d392ae8b7b160e5bb0b95f]
  ignore line: [COLLECT_GCC_OPTIONS='-v' '-o' 'CMakeFiles/cmTC_b3347.dir/CMakeCXXCompilerABI.cpp.o' '-c' '-shared-libgcc' '-mtune=generic' '-march=x86-64' '-dumpdir' 'CMakeFiles/cmTC_b3347.dir/']
  ignore line: [ as -v --64 -o CMakeFiles/cmTC_b3347.dir/CMakeCXXCompilerABI.cpp.o /tmp/ccQ28GXf.s]
  ignore line: [GNU assembler version 2.38 (x86_64-linux-gnu) using BFD version (GNU Binutils for Ubuntu) 2.38]
  ignore line: [COMPILER_PATH=/usr/lib/gcc/x86_64-linux-gnu/11/:/usr/lib/gcc/x86_64-linux-gnu/11/:/usr/lib/gcc/x86_64-linux-gnu/:/usr/lib/gcc/x86_64-linux-gnu/11/:/usr/lib/gcc/x86_64-linux-gnu/]
  ignore line: [LIBRARY_PATH=/usr/lib/gcc/x86_64-linux-gnu/11/:/usr/lib/gcc/x86_64-linux-gnu/11/../../../x86_64-linux-gnu/:/usr/lib/gcc/x86_64-linux-gnu/11/../../../../lib/:/lib/x86_64-linux-gnu/:/lib/../lib/:/usr/lib/x86_64-linux-gnu/:/usr/lib/../lib/:/usr/lib/gcc/x86_64-linux-gnu/11/../../../:/lib/:/usr/lib/]
  ignore line: [COLLECT_GCC_OPTIONS='-v' '-o' 'CMakeFiles/cmTC_b3347.dir/CMakeCXXCompilerABI.cpp.o' '-c' '-shared-libgcc' '-mtune=generic' '-march=x86-64' '-dumpdir' 'CMakeFiles/cmTC_b3347.dir/CMakeCXXCompilerABI.cpp.']
  ignore line: [Linking CXX executable cmTC_b3347]
  ignore line: [/usr/bin/cmake -E cmake_link_script CMakeFiles/cmTC_b3347.dir/link.txt --verbose=1]
  ignore line: [/usr/bin/c++  -v -rdynamic CMakeFiles/cmTC_b3347.dir/CMakeCXXCompilerABI.cpp.o -o cmTC_b3347 ]
  ignore line: [Using built-in specs.]
  ignore line: [COLLECT_GCC=/usr/bin/c++]
  ignore line: [COLLECT_LTO_WRAPPER=/usr/lib/gcc/x86_64-linux-gnu/11/lto-wrapper]
  ignore line: [OFFLOAD_TARGET_NAMES=nvptx-none:amdgcn-amdhsa]
  ignore line: [OFFLOAD_TARGET_DEFAULT=1]
  ignore line: [Target: x86_64-linux-gnu]
  ignore line: [Configured with: ../src/configure -v --with-pkgversion='Ubuntu 11.4.0-1ubuntu1~22.04' --with-bugurl=file:///usr/share/doc/gcc-11/README.Bugs --enable-languages=c ada c++ go brig d fortran objc obj-c++ m2 --prefix=/usr --with-gcc-major-version-only --program-suffix=-11 --program-prefix=x86_64-linux-gnu- --enable-shared --enable-linker-build-id --libexecdir=/usr/lib --without-included-gettext --enable-threads=posix --libdir=/usr/lib --enable-nls --enable-bootstrap --enable-clocale=gnu --enable-libstdcxx-debug --enable-libstdcxx-time=yes --with-default-libstdcxx-abi=new --enable-gnu-unique-object --disable-vtable-verify --enable-plugin --enable-default-pie --with-system-zlib --enable-libphobos-checking=release --with-target-system-zlib=auto --enable-objc-gc=auto --enable-multiarch --disable-werror --enable-cet --with-arch-32=i686 --with-abi=m64 --with-multilib-list=m32 m64 mx32 --enable-multilib --with-tune=generic --enable-offload-targets=nvptx-none=/build/gcc-11-XeT9lY/gcc-11-11.4.0/debian/tmp-nvptx/usr amdgcn-amdhsa=/build/gcc-11-XeT9lY/gcc-11-11.4.0/debian/tmp-gcn/usr --without-cuda-driver --enable-checking=release --build=x86_64-linux-gnu --host=x86_64-linux-gnu --target=x86_64-linux-gnu --with-build-config=bootstrap-lto-lean --enable-link-serialization=2]
  ignore line: [Thread model: posix]
  ignore line: [Supported LTO compression algorithms: zlib zstd]
  ignore line: [gcc version 11.4.0 (Ubuntu 11.4.0-1ubuntu1~22.04) ]
  ignore line: [COMPILER_PATH=/usr/lib/gcc/x86_64-linux-gnu/11/:/usr/lib/gcc/x86_64-linux-gnu/11/:/usr/lib/gcc/x86_64-linux-gnu/:/usr/lib/gcc/x86_64-linux-gnu/11/:/usr/lib/gcc/x86_64-linux-gnu/]
  ignore line: [LIBRARY_PATH=/usr/lib/gcc/x86_64-linux-gnu/11/:/usr/lib/gcc/x86_64-linux-gnu/11/../../../x86_64-linux-gnu/:/usr/lib/gcc/x86_64-linux-gnu/11/../../../../lib/:/lib/x86_64-linux-gnu/:/lib/../lib/:/usr/lib/x86_64-linux-gnu/:/usr/lib/../lib/:/usr/lib/gcc/x86_64-linux-gnu/11/../../../:/lib/:/usr/lib/]
  ignore line: [COLLECT_GCC_OPTIONS='-v' '-rdynamic' '-o' 'cmTC_b3347' '-shared-libgcc' '-mtune=generic' '-march=x86-64' '-dumpdir' 'cmTC_b3347.']
  link line: [ /usr/lib/gcc/x86_64-linux-gnu/11/collect2 -plugin /usr/lib/gcc/x86_64-linux-gnu/11/liblto_plugin.so -plugin-opt=/usr/lib/gcc/x86_64-linux-gnu/11/lto-wrapper -plugin-opt=-fresolution=/tmp/cciz9GMu.res -plugin-opt=-pass-through=-lgcc_s -plugin-opt=-pass-through=-lgcc -plugin-opt=-pass-through=-lc -plugin-opt=-pass-through=-lgcc_s -plugin-opt=-pass-through=-lgcc --build-id --eh-frame-hdr -m elf_x86_64 --hash-style=gnu --as-needed -export-dynamic -dynamic-linker /lib64/ld-linux-x86-64.so.2 -pie -z now -z relro -o cmTC_b3347 /usr/lib/gcc/x86_64-linux-gnu/11/../../../x86_64-linux-gnu/Scrt1.o /usr/lib/gcc/x86_64-linux-gnu/11/../../../x86_64-linux-gnu/crti.o /usr/lib/gcc/x86_64-linux-gnu/11/crtbeginS.o -L/usr/lib/gcc/x86_64-linux-gnu/11 -L/usr/lib/gcc/x86_64-linux-gnu/11/../../../x86_64-linux-gnu -L/usr/lib/gcc/x86_64-linux-gnu/11/../../../../lib -L/lib/x86_64-linux-gnu -L/lib/../lib -L/usr/lib/x86_64-linux-gnu -L/usr/lib/../lib -L/usr/lib/gcc/x86_64-linux-gnu/11/../../.. CMakeFiles/cmTC_b3347.dir/CMakeCXXCompilerABI.cpp.o -lstdc++ -lm -lgcc_s -lgcc -lc -lgcc_s -lgcc /usr/lib/gcc/x86_64-linux-gnu/11/crtendS.o /usr/lib/gcc/x86_64-linux-gnu/11/../../../x86_64-linux-gnu/crtn.o]
    arg [/usr/lib/gcc/x86_64-linux-gnu/11/collect2] ==> ignore
    arg [-plugin] ==> ignore
    arg [/usr/lib/gcc/x86_64-linux-gnu/11/liblto_plugin.so] ==> ignore
    arg [-plugin-opt=/usr/lib/gcc/x86_64-linux-gnu/11/lto-wrapper] ==> ignore
    arg [-plugin-opt=-fresolution=/tmp/cciz9GMu.res] ==> ignore
    arg [-plugin-opt=-pass-through=-lgcc_s] ==> ignore
    arg [-plugin-opt=-pass-through=-lgcc] ==> ignore
    arg [-plugin-opt=-pass-through=-lc] ==> ignore
    arg [-plugin-opt=-pass-through=-lgcc_s] ==> ignore
    arg [-plugin-opt=-pass-through=-lgcc] ==> ignore
    arg [--build-id] ==> ignore
    arg [--eh-frame-hdr] ==> ignore
    arg [-m] ==> ignore
    arg [elf_x86_64] ==> ignore
    arg [--hash-style=gnu] ==> ignore
    arg [--as-needed] ==> ignore
    arg [-export-dynamic] ==> ignore
    arg [-dynamic-linker] ==> ignore
    arg [/lib64/ld-linux-x86-64.so.2] ==> ignore
    arg [-pie] ==> ignore
    arg [-znow] ==> ignore
    arg [-zrelro] ==> ignore
    arg [-o] ==> ignore
    arg [cmTC_b3347] ==> ignore
    arg [/usr/lib/gcc/x86_64-linux-gnu/11/../../../x86_64-linux-gnu/Scrt1.o] ==> obj [/usr/lib/gcc/x86_64-linux-gnu/11/../../../x86_64-linux-gnu/Scrt1.o]
    arg [/usr/lib/gcc/x86_64-linux-gnu/11/../../../x86_64-linux-gnu/crti.o] ==> obj [/usr/lib/gcc/x86_64-linux-gnu/11/../../../x86_64-linux-gnu/crti.o]
    arg [/usr/lib/gcc/x86_64-linux-gnu/11/crtbeginS.o] ==> obj [/usr/lib/gcc/x86_64-linux-gnu/11/crtbeginS.o]
    arg [-L/usr/lib/gcc/x86_64-linux-gnu/11] ==> dir [/usr/lib/gcc/x86_64-linux-gnu/11]
    arg [-L/usr/lib/gcc/x86_64-linux-gnu/11/../../../x86_64-linux-gnu] ==> dir [/usr/lib/gcc/x86_64-linux-gnu/11/../../../x86_64-linux-gnu]
    arg [-L/usr/lib/gcc/x86_64-linux-gnu/11/../../../../lib] ==> dir [/usr/lib/gcc/x86_64-linux-gnu/11/../../../../lib]
    arg [-L/lib/x86_64-linux-gnu] ==> dir [/lib/x86_64-linux-gnu]
    arg [-L/lib/../lib] ==> dir [/lib/../lib]
    arg [-L/usr/lib/x86_64-linux-gnu] ==> dir [/usr/lib/x86_64-linux-gnu]
    arg [-L/usr/lib/../lib] ==> dir [/usr/lib/../lib]
    arg [-L/usr/lib/gcc/x86_64-linux-gnu/11/../../..] ==> dir [/usr/lib/gcc/x86_64-linux-gnu/11/../../..]
    arg [CMakeFiles/cmTC_b3347.dir/CMakeCXXCompilerABI.cpp.o] ==> ignore
    arg [-lstdc++] ==> lib [stdc++]
    arg [-lm] ==> lib [m]
    arg [-lgcc_s] ==> lib [gcc_s]
    arg [-lgcc] ==> lib [gcc]
    arg [-lc] ==> lib [c]
    arg [-lgcc_s] ==> lib [gcc_s]
    arg [-lgcc] ==> lib [gcc]
    arg [/usr/lib/gcc/x86_64-linux-gnu/11/crtendS.o] ==> obj [/usr/lib/gcc/x86_64-linux-gnu/11/crtendS.o]
    arg [/usr/lib/gcc/x86_64-linux-gnu/11/../../../x86_64-linux-gnu/crtn.o] ==> obj [/usr/lib/gcc/x86_64-linux-gnu/11/../../../x86_64-linux-gnu/crtn.o]
  collapse obj [/usr/lib/gcc/x86_64-linux-gnu/11/../../../x86_64-linux-gnu/Scrt1.o] ==> [/usr/lib/x86_64-linux-gnu/Scrt1.o]
  collapse obj [/usr/lib/gcc/x86_64-linux-gnu/11/../../../x86_64-linux-gnu/crti.o] ==> [/usr/lib/x86_64-linux-gnu/crti.o]
  collapse obj [/usr/lib/gcc/x86_64-linux-gnu/11/../../../x86_64-linux-gnu/crtn.o] ==> [/usr/lib/x86_64-linux-gnu/crtn.o]
  collapse library dir [/usr/lib/gcc/x86_64-linux-gnu/11] ==> [/usr/lib/gcc/x86_64-linux-gnu/11]
  collapse library dir [/usr/lib/gcc/x86_64-linux-gnu/11/../../../x86_64-linux-gnu] ==> [/usr/lib/x86_64-linux-gnu]
  collapse library dir [/usr/lib/gcc/x86_64-linux-gnu/11/../../../../lib] ==> [/usr/lib]
  collapse library dir [/lib/x86_64-linux-gnu] ==> [/lib/x86_64-linux-gnu]
  collapse library dir [/lib/../lib] ==> [/lib]
  collapse library dir [/usr/lib/x86_64-linux-gnu] ==> [/usr/lib/x86_64-linux-gnu]
  collapse library dir [/usr/lib/../lib] ==> [/usr/lib]
  collapse library dir [/usr/lib/gcc/x86_64-linux-gnu/11/../../..] ==> [/usr/lib]
  implicit libs: [stdc++;m;gcc_s;gcc;c;gcc_s;gcc]
  implicit objs: [/usr/lib/x86_64-linux-gnu/Scrt1.o;/usr/lib/x86_64-linux-gnu/crti.o;/usr/lib/gcc/x86_64-linux-gnu/11/crtbeginS.o;/usr/lib/gcc/x86_64-linux-gnu/11/crtendS.o;/usr/lib/x86_64-linux-gnu/crtn.o]
  implicit dirs: [/usr/lib/gcc/x86_64-linux-gnu/11;/usr/lib/x86_64-linux-gnu;/usr/lib;/lib/x86_64-linux-gnu;/lib]
  implicit fwks: []


Performing C SOURCE FILE Test RDSEED_RUN_RESULT succeeded with the following compile output:
Change Dir: /home/ztx/SPDZ/mspdz/CMakeFiles/CMakeTmp

Run Build Command(s):/usr/bin/gmake -f Makefile cmTC_d592d/fast && /usr/bin/gmake  -f CMakeFiles/cmTC_d592d.dir/build.make CMakeFiles/cmTC_d592d.dir/build
gmake[1]: Entering directory '/home/ztx/SPDZ/mspdz/CMakeFiles/CMakeTmp'
Building C object CMakeFiles/cmTC_d592d.dir/src.c.o
/usr/bin/cc -DRDSEED_RUN_RESULT  -pthread -Wall -funroll-loops -Wno-ignored-attributes -Wno-unused-result -march=native -maes -mrdseed -mrdseed -o CMakeFiles/cmTC_d592d.dir/src.c.o -c /home/ztx/SPDZ/mspdz/CMakeFiles/CMakeTmp/src.c
Linking C executable cmTC_d592d
/usr/bin/cmake -E cmake_link_script CMakeFiles/cmTC_d592d.dir/link.txt --verbose=1
/usr/bin/cc  -pthread -Wall -funroll-loops -Wno-ignored-attributes -Wno-unused-result -march=native -maes -mrdseed -mrdseed -rdynamic CMakeFiles/cmTC_d592d.dir/src.c.o -o cmTC_d592d 
gmake[1]: Leaving directory '/home/ztx/SPDZ/mspdz/CMakeFiles/CMakeTmp'


...and run output:

Return value: 1
Source file was:
#include <x86intrin.h>
int main(){
unsigned long long r;
_rdseed64_step(&r);
return 0;
}

Performing C SOURCE FILE Test RDSEED_RUN_RESULT succeeded with the following compile output:
Change Dir: /home/ztx/SPDZ/mspdz/CMakeFiles/CMakeTmp

Run Build Command(s):/usr/bin/gmake -f Makefile cmTC_57be1/fast && /usr/bin/gmake  -f CMakeFiles/cmTC_57be1.dir/build.make CMakeFiles/cmTC_57be1.dir/build
gmake[1]: Entering directory '/home/ztx/SPDZ/mspdz/CMakeFiles/CMakeTmp'
Building C object CMakeFiles/cmTC_57be1.dir/src.c.o
/usr/bin/cc -DRDSEED_RUN_RESULT  -pthread -Wall -funroll-loops -Wno-ignored-attributes -Wno-unused-result -march=native -maes -mrdseed -mrdseed -o CMakeFiles/cmTC_57be1.dir/src.c.o -c /home/ztx/SPDZ/mspdz/CMakeFiles/CMakeTmp/src.c
Linking C executable cmTC_57be1
/usr/bin/cmake -E cmake_link_script CMakeFiles/cmTC_57be1.dir/link.txt --verbose=1
/usr/bin/cc  -pthread -Wall -funroll-loops -Wno-ignored-attributes -Wno-unused-result -march=native -maes -mrdseed -mrdseed -rdynamic CMakeFiles/cmTC_57be1.dir/src.c.o -o cmTC_57be1 
gmake[1]: Leaving directory '/home/ztx/SPDZ/mspdz/CMakeFiles/CMakeTmp'


...and run output:

Return value: 1
Source file was:
#include <x86intrin.h>
int main(){
unsigned long long r;
_rdseed64_step(&r);
return 0;
}

Performing C SOURCE FILE Test RDSEED_RUN_RESULT succeeded with the following compile output:
Change Dir: /home/ztx/SPDZ/mspdz/CMakeFiles/CMakeTmp

Run Build Command(s):/usr/bin/gmake -f Makefile cmTC_ef4fd/fast && /usr/bin/gmake  -f CMakeFiles/cmTC_ef4fd.dir/build.make CMakeFiles/cmTC_ef4fd.dir/build
gmake[1]: Entering directory '/home/ztx/SPDZ/mspdz/CMakeFiles/CMakeTmp'
Building C object CMakeFiles/cmTC_ef4fd.dir/src.c.o
/usr/bin/cc -DRDSEED_RUN_RESULT  -pthread -Wall -funroll-loops -Wno-ignored-attributes -Wno-unused-result -march=native -maes -mrdseed -mrdseed -o CMakeFiles/cmTC_ef4fd.dir/src.c.o -c /home/ztx/SPDZ/mspdz/CMakeFiles/CMakeTmp/src.c
Linking C executable cmTC_ef4fd
/usr/bin/cmake -E cmake_link_script CMakeFiles/cmTC_ef4fd.dir/link.txt --verbose=1
/usr/bin/cc  -pthread -Wall -funroll-loops -Wno-ignored-attributes -Wno-unused-result -march=native -maes -mrdseed -mrdseed -rdynamic CMakeFiles/cmTC_ef4fd.dir/src.c.o -o cmTC_ef4fd 
gmake[1]: Leaving directory '/home/ztx/SPDZ/mspdz/CMakeFiles/CMakeTmp'


...and run output:

Return value: 1
Source file was:
#include <x86intrin.h>
int main(){
unsigned long long r;
_rdseed64_step(&r);
return 0;
}

Performing C SOURCE FILE Test RDSEED_RUN_RESULT succeeded with the following compile output:
Change Dir: /home/ztx/SPDZ/mspdz/CMakeFiles/CMakeTmp

Run Build Command(s):/usr/bin/gmake -f Makefile cmTC_84b1f/fast && /usr/bin/gmake  -f CMakeFiles/cmTC_84b1f.dir/build.make CMakeFiles/cmTC_84b1f.dir/build
gmake[1]: Entering directory '/home/ztx/SPDZ/mspdz/CMakeFiles/CMakeTmp'
Building C object CMakeFiles/cmTC_84b1f.dir/src.c.o
/usr/bin/cc -DRDSEED_RUN_RESULT  -pthread -Wall -funroll-loops -Wno-ignored-attributes -Wno-unused-result -march=native -maes -mrdseed -mrdseed -o CMakeFiles/cmTC_84b1f.dir/src.c.o -c /home/ztx/SPDZ/mspdz/CMakeFiles/CMakeTmp/src.c
Linking C executable cmTC_84b1f
/usr/bin/cmake -E cmake_link_script CMakeFiles/cmTC_84b1f.dir/link.txt --verbose=1
/usr/bin/cc  -pthread -Wall -funroll-loops -Wno-ignored-attributes -Wno-unused-result -march=native -maes -mrdseed -mrdseed -rdynamic CMakeFiles/cmTC_84b1f.dir/src.c.o -o cmTC_84b1f 
gmake[1]: Leaving directory '/home/ztx/SPDZ/mspdz/CMakeFiles/CMakeTmp'


...and run output:

Return value: 1
Source file was:
#include <x86intrin.h>
int main(){
unsigned long long r;
_rdseed64_step(&r);
return 0;
}

Performing C SOURCE FILE Test RDSEED_RUN_RESULT succeeded with the following compile output:
Change Dir: /home/ztx/SPDZ/mspdz/CMakeFiles/CMakeTmp

Run Build Command(s):/usr/bin/gmake -f Makefile cmTC_06499/fast && /usr/bin/gmake  -f CMakeFiles/cmTC_06499.dir/build.make CMakeFiles/cmTC_06499.dir/build
gmake[1]: Entering directory '/home/ztx/SPDZ/mspdz/CMakeFiles/CMakeTmp'
Building C object CMakeFiles/cmTC_06499.dir/src.c.o
/usr/bin/cc -DRDSEED_RUN_RESULT  -pthread -Wall -funroll-loops -Wno-ignored-attributes -Wno-unused-result -march=native -maes -mrdseed -mrdseed -o CMakeFiles/cmTC_06499.dir/src.c.o -c /home/ztx/SPDZ/mspdz/CMakeFiles/CMakeTmp/src.c
Linking C executable cmTC_06499
/usr/bin/cmake -E cmake_link_script CMakeFiles/cmTC_06499.dir/link.txt --verbose=1
/usr/bin/cc  -pthread -Wall -funroll-loops -Wno-ignored-attributes -Wno-unused-result -march=native -maes -mrdseed -mrdseed -rdynamic CMakeFiles/cmTC_06499.dir/src.c.o -o cmTC_06499 
gmake[1]: Leaving directory '/home/ztx/SPDZ/mspdz/CMakeFiles/CMakeTmp'


...and run output:

Return value: 1
Source file was:
#include <x86intrin.h>
int main(){
unsigned long long r;
_rdseed64_step(&r);
return 0;
}

Performing C SOURCE FILE Test RDSEED_RUN_RESULT succeeded with the following compile output:
Change Dir: /home/ztx/SPDZ/mspdz/CMakeFiles/CMakeTmp

Run Build Command(s):/usr/bin/gmake -f Makefile cmTC_2a6c1/fast && /usr/bin/gmake  -f CMakeFiles/cmTC_2a6c1.dir/build.make CMakeFiles/cmTC_2a6c1.dir/build
gmake[1]: Entering directory '/home/ztx/SPDZ/mspdz/CMakeFiles/CMakeTmp'
Building C object CMakeFiles/cmTC_2a6c1.dir/src.c.o
/usr/bin/cc -DRDSEED_RUN_RESULT  -pthread -Wall -funroll-loops -Wno-ignored-attributes -Wno-unused-result -march=native -maes -mrdseed -mrdseed -o CMakeFiles/cmTC_2a6c1.dir/src.c.o -c /home/ztx/SPDZ/mspdz/CMakeFiles/CMakeTmp/src.c
Linking C executable cmTC_2a6c1
/usr/bin/cmake -E cmake_link_script CMakeFiles/cmTC_2a6c1.dir/link.txt --verbose=1
/usr/bin/cc  -pthread -Wall -funroll-loops -Wno-ignored-attributes -Wno-unused-result -march=native -maes -mrdseed -mrdseed -rdynamic CMakeFiles/cmTC_2a6c1.dir/src.c.o -o cmTC_2a6c1 
gmake[1]: Leaving directory '/home/ztx/SPDZ/mspdz/CMakeFiles/CMakeTmp'


...and run output:

Return value: 1
Source file was:
#include <x86intrin.h>
int main(){
unsigned long long r;
_rdseed64_step(&r);
return 0;
}

Performing C SOURCE FILE Test RDSEED_RUN_RESULT succeeded with the following compile output:
Change Dir: /home/ztx/SPDZ/mspdz/CMakeFiles/CMakeTmp

Run Build Command(s):/usr/bin/gmake -f Makefile cmTC_67e71/fast && /usr/bin/gmake  -f CMakeFiles/cmTC_67e71.dir/build.make CMakeFiles/cmTC_67e71.dir/build
gmake[1]: Entering directory '/home/ztx/SPDZ/mspdz/CMakeFiles/CMakeTmp'
Building C object CMakeFiles/cmTC_67e71.dir/src.c.o
/usr/bin/cc -DRDSEED_RUN_RESULT  -pthread -Wall -funroll-loops -Wno-ignored-attributes -Wno-unused-result -march=native -maes -mrdseed -mrdseed -o CMakeFiles/cmTC_67e71.dir/src.c.o -c /home/ztx/SPDZ/mspdz/CMakeFiles/CMakeTmp/src.c
Linking C executable cmTC_67e71
/usr/bin/cmake -E cmake_link_script CMakeFiles/cmTC_67e71.dir/link.txt --verbose=1
/usr/bin/cc  -pthread -Wall -funroll-loops -Wno-ignored-attributes -Wno-unused-result -march=native -maes -mrdseed -mrdseed -rdynamic CMakeFiles/cmTC_67e71.dir/src.c.o -o cmTC_67e71 
gmake[1]: Leaving directory '/home/ztx/SPDZ/mspdz/CMakeFiles/CMakeTmp'


...and run output:

Return value: 1
Source file was:
#include <x86intrin.h>
int main(){
unsigned long long r;
_rdseed64_step(&r);
return 0;
}

Performing C SOURCE FILE Test RDSEED_RUN_RESULT succeeded with the following compile output:
Change Dir: /home/ztx/SPDZ/mspdz/CMakeFiles/CMakeTmp

Run Build Command(s):/usr/bin/gmake -f Makefile cmTC_3fd10/fast && /usr/bin/gmake  -f CMakeFiles/cmTC_3fd10.dir/build.make CMakeFiles/cmTC_3fd10.dir/build
gmake[1]: Entering directory '/home/ztx/SPDZ/mspdz/CMakeFiles/CMakeTmp'
Building C object CMakeFiles/cmTC_3fd10.dir/src.c.o
/usr/bin/cc -DRDSEED_RUN_RESULT  -pthread -Wall -funroll-loops -Wno-ignored-attributes -Wno-unused-result -march=native -maes -mrdseed -mrdseed -o CMakeFiles/cmTC_3fd10.dir/src.c.o -c /home/ztx/SPDZ/mspdz/CMakeFiles/CMakeTmp/src.c
Linking C executable cmTC_3fd10
/usr/bin/cmake -E cmake_link_script CMakeFiles/cmTC_3fd10.dir/link.txt --verbose=1
/usr/bin/cc  -pthread -Wall -funroll-loops -Wno-ignored-attributes -Wno-unused-result -march=native -maes -mrdseed -mrdseed -rdynamic CMakeFiles/cmTC_3fd10.dir/src.c.o -o cmTC_3fd10 
gmake[1]: Leaving directory '/home/ztx/SPDZ/mspdz/CMakeFiles/CMakeTmp'


...and run output:

Return value: 1
Source file was:
#include <x86intrin.h>
int main(){
unsigned long long r;
_rdseed64_step(&r);
return 0;
}

Performing C SOURCE FILE Test RDSEED_RUN_RESULT succeeded with the following compile output:
Change Dir: /home/ztx/SPDZ/mspdz/CMakeFiles/CMakeTmp

Run Build Command(s):/usr/bin/gmake -f Makefile cmTC_7e882/fast && /usr/bin/gmake  -f CMakeFiles/cmTC_7e882.dir/build.make CMakeFiles/cmTC_7e882.dir/build
gmake[1]: Entering directory '/home/ztx/SPDZ/mspdz/CMakeFiles/CMakeTmp'
Building C object CMakeFiles/cmTC_7e882.dir/src.c.o
/usr/bin/cc -DRDSEED_RUN_RESULT  -pthread -Wall -funroll-loops -Wno-ignored-attributes -Wno-unused-result -march=native -maes -mrdseed -mrdseed -o CMakeFiles/cmTC_7e882.dir/src.c.o -c /home/ztx/SPDZ/mspdz/CMakeFiles/CMakeTmp/src.c
Linking C executable cmTC_7e882
/usr/bin/cmake -E cmake_link_script CMakeFiles/cmTC_7e882.dir/link.txt --verbose=1
/usr/bin/cc  -pthread -Wall -funroll-loops -Wno-ignored-attributes -Wno-unused-result -march=native -maes -mrdseed -mrdseed -rdynamic CMakeFiles/cmTC_7e882.dir/src.c.o -o cmTC_7e882 
gmake[1]: Leaving directory '/home/ztx/SPDZ/mspdz/CMakeFiles/CMakeTmp'


...and run output:

Return value: 1
Source file was:
#include <x86intrin.h>
int main(){
unsigned long long r;
_rdseed64_step(&r);
return 0;
}

Performing C SOURCE FILE Test RDSEED_RUN_RESULT succeeded with the following compile output:
Change Dir: /home/ztx/SPDZ/mspdz/CMakeFiles/CMakeTmp

Run Build Command(s):/usr/bin/gmake -f Makefile cmTC_72466/fast && /usr/bin/gmake  -f CMakeFiles/cmTC_72466.dir/build.make CMakeFiles/cmTC_72466.dir/build
gmake[1]: Entering directory '/home/ztx/SPDZ/mspdz/CMakeFiles/CMakeTmp'
Building C object CMakeFiles/cmTC_72466.dir/src.c.o
/usr/bin/cc -DRDSEED_RUN_RESULT  -pthread -Wall -funroll-loops -Wno-ignored-attributes -Wno-unused-result -march=native -maes -mrdseed -mrdseed -o CMakeFiles/cmTC_72466.dir/src.c.o -c /home/ztx/SPDZ/mspdz/CMakeFiles/CMakeTmp/src.c
Linking C executable cmTC_72466
/usr/bin/cmake -E cmake_link_script CMakeFiles/cmTC_72466.dir/link.txt --verbose=1
/usr/bin/cc  -pthread -Wall -funroll-loops -Wno-ignored-attributes -Wno-unused-result -march=native -maes -mrdseed -mrdseed -rdynamic CMakeFiles/cmTC_72466.dir/src.c.o -o cmTC_72466 
gmake[1]: Leaving directory '/home/ztx/SPDZ/mspdz/CMakeFiles/CMakeTmp'


...and run output:

Return value: 1
Source file was:
#include <x86intrin.h>
int main(){
unsigned long long r;
_rdseed64_step(&r);
return 0;
}

Performing C SOURCE FILE Test RDSEED_RUN_RESULT succeeded with the following compile output:
Change Dir: /home/ztx/SPDZ/mspdz/CMakeFiles/CMakeTmp

Run Build Command(s):/usr/bin/gmake -f Makefile cmTC_b9dfe/fast && /usr/bin/gmake  -f CMakeFiles/cmTC_b9dfe.dir/build.make CMakeFiles/cmTC_b9dfe.dir/build
gmake[1]: Entering directory '/home/ztx/SPDZ/mspdz/CMakeFiles/CMakeTmp'
Building C object CMakeFiles/cmTC_b9dfe.dir/src.c.o
/usr/bin/cc -DRDSEED_RUN_RESULT  -pthread -Wall -funroll-loops -Wno-ignored-attributes -Wno-unused-result -march=native -maes -mrdseed -mrdseed -o CMakeFiles/cmTC_b9dfe.dir/src.c.o -c /home/ztx/SPDZ/mspdz/CMakeFiles/CMakeTmp/src.c
Linking C executable cmTC_b9dfe
/usr/bin/cmake -E cmake_link_script CMakeFiles/cmTC_b9dfe.dir/link.txt --verbose=1
/usr/bin/cc  -pthread -Wall -funroll-loops -Wno-ignored-attributes -Wno-unused-result -march=native -maes -mrdseed -mrdseed -rdynamic CMakeFiles/cmTC_b9dfe.dir/src.c.o -o cmTC_b9dfe 
gmake[1]: Leaving directory '/home/ztx/SPDZ/mspdz/CMakeFiles/CMakeTmp'


...and run output:

Return value: 1
Source file was:
#include <x86intrin.h>
int main(){
unsigned long long r;
_rdseed64_step(&r);
return 0;
}

Performing C SOURCE FILE Test RDSEED_RUN_RESULT succeeded with the following compile output:
Change Dir: /home/ztx/SPDZ/mspdz/CMakeFiles/CMakeTmp

Run Build Command(s):/usr/bin/gmake -f Makefile cmTC_54b84/fast && /usr/bin/gmake  -f CMakeFiles/cmTC_54b84.dir/build.make CMakeFiles/cmTC_54b84.dir/build
gmake[1]: Entering directory '/home/ztx/SPDZ/mspdz/CMakeFiles/CMakeTmp'
Building C object CMakeFiles/cmTC_54b84.dir/src.c.o
/usr/bin/cc -DRDSEED_RUN_RESULT  -pthread -Wall -funroll-loops -Wno-ignored-attributes -Wno-unused-result -march=native -maes -mrdseed -mrdseed -o CMakeFiles/cmTC_54b84.dir/src.c.o -c /home/ztx/SPDZ/mspdz/CMakeFiles/CMakeTmp/src.c
Linking C executable cmTC_54b84
/usr/bin/cmake -E cmake_link_script CMakeFiles/cmTC_54b84.dir/link.txt --verbose=1
/usr/bin/cc  -pthread -Wall -funroll-loops -Wno-ignored-attributes -Wno-unused-result -march=native -maes -mrdseed -mrdseed -rdynamic CMakeFiles/cmTC_54b84.dir/src.c.o -o cmTC_54b84 
gmake[1]: Leaving directory '/home/ztx/SPDZ/mspdz/CMakeFiles/CMakeTmp'


...and run output:

Return value: 1
Source file was:
#include <x86intrin.h>
int main(){
unsigned long long r;
_rdseed64_step(&r);
return 0;
}

Performing C SOURCE FILE Test RDSEED_RUN_RESULT succeeded with the following compile output:
Change Dir: /home/ztx/SPDZ/mspdz/CMakeFiles/CMakeTmp

Run Build Command(s):/usr/bin/gmake -f Makefile cmTC_43724/fast && /usr/bin/gmake  -f CMakeFiles/cmTC_43724.dir/build.make CMakeFiles/cmTC_43724.dir/build
gmake[1]: Entering directory '/home/ztx/SPDZ/mspdz/CMakeFiles/CMakeTmp'
Building C object CMakeFiles/cmTC_43724.dir/src.c.o
/usr/bin/cc -DRDSEED_RUN_RESULT  -pthread -Wall -funroll-loops -Wno-ignored-attributes -Wno-unused-result -march=native -maes -mrdseed -mrdseed -o CMakeFiles/cmTC_43724.dir/src.c.o -c /home/ztx/SPDZ/mspdz/CMakeFiles/CMakeTmp/src.c
Linking C executable cmTC_43724
/usr/bin/cmake -E cmake_link_script CMakeFiles/cmTC_43724.dir/link.txt --verbose=1
/usr/bin/cc  -pthread -Wall -funroll-loops -Wno-ignored-attributes -Wno-unused-result -march=native -maes -mrdseed -mrdseed -rdynamic CMakeFiles/cmTC_43724.dir/src.c.o -o cmTC_43724 
gmake[1]: Leaving directory '/home/ztx/SPDZ/mspdz/CMakeFiles/CMakeTmp'


...and run output:

Return value: 1
Source file was:
#include <x86intrin.h>
int main(){
unsigned long long r;
_rdseed64_step(&r);
return 0;
}

Performing C SOURCE FILE Test RDSEED_RUN_RESULT succeeded with the following compile output:
Change Dir: /home/ztx/SPDZ/mspdz/CMakeFiles/CMakeTmp

Run Build Command(s):/usr/bin/gmake -f Makefile cmTC_e8b82/fast && /usr/bin/gmake  -f CMakeFiles/cmTC_e8b82.dir/build.make CMakeFiles/cmTC_e8b82.dir/build
gmake[1]: Entering directory '/home/ztx/SPDZ/mspdz/CMakeFiles/CMakeTmp'
Building C object CMakeFiles/cmTC_e8b82.dir/src.c.o
/usr/bin/cc -DRDSEED_RUN_RESULT  -pthread -Wall -funroll-loops -Wno-ignored-attributes -Wno-unused-result -march=native -maes -mrdseed -mrdseed -o CMakeFiles/cmTC_e8b82.dir/src.c.o -c /home/ztx/SPDZ/mspdz/CMakeFiles/CMakeTmp/src.c
Linking C executable cmTC_e8b82
/usr/bin/cmake -E cmake_link_script CMakeFiles/cmTC_e8b82.dir/link.txt --verbose=1
/usr/bin/cc  -pthread -Wall -funroll-loops -Wno-ignored-attributes -Wno-unused-result -march=native -maes -mrdseed -mrdseed -rdynamic CMakeFiles/cmTC_e8b82.dir/src.c.o -o cmTC_e8b82 
gmake[1]: Leaving directory '/home/ztx/SPDZ/mspdz/CMakeFiles/CMakeTmp'


...and run output:

Return value: 1
Source file was:
#include <x86intrin.h>
int main(){
unsigned long long r;
_rdseed64_step(&r);
return 0;
}

Performing C SOURCE FILE Test RDSEED_RUN_RESULT succeeded with the following compile output:
Change Dir: /home/ztx/SPDZ/mspdz/CMakeFiles/CMakeTmp

Run Build Command(s):/usr/bin/gmake -f Makefile cmTC_a006f/fast && /usr/bin/gmake  -f CMakeFiles/cmTC_a006f.dir/build.make CMakeFiles/cmTC_a006f.dir/build
gmake[1]: Entering directory '/home/ztx/SPDZ/mspdz/CMakeFiles/CMakeTmp'
Building C object CMakeFiles/cmTC_a006f.dir/src.c.o
/usr/bin/cc -DRDSEED_RUN_RESULT  -pthread -Wall -funroll-loops -Wno-ignored-attributes -Wno-unused-result -march=native -maes -mrdseed -mrdseed -o CMakeFiles/cmTC_a006f.dir/src.c.o -c /home/ztx/SPDZ/mspdz/CMakeFiles/CMakeTmp/src.c
Linking C executable cmTC_a006f
/usr/bin/cmake -E cmake_link_script CMakeFiles/cmTC_a006f.dir/link.txt --verbose=1
/usr/bin/cc  -pthread -Wall -funroll-loops -Wno-ignored-attributes -Wno-unused-result -march=native -maes -mrdseed -mrdseed -rdynamic CMakeFiles/cmTC_a006f.dir/src.c.o -o cmTC_a006f 
gmake[1]: Leaving directory '/home/ztx/SPDZ/mspdz/CMakeFiles/CMakeTmp'


...and run output:

Return value: 1
Source file was:
#include <x86intrin.h>
int main(){
unsigned long long r;
_rdseed64_step(&r);
return 0;
}

Performing C SOURCE FILE Test RDSEED_RUN_RESULT succeeded with the following compile output:
Change Dir: /home/ztx/SPDZ/mspdz/CMakeFiles/CMakeTmp

Run Build Command(s):/usr/bin/gmake -f Makefile cmTC_2063f/fast && /usr/bin/gmake  -f CMakeFiles/cmTC_2063f.dir/build.make CMakeFiles/cmTC_2063f.dir/build
gmake[1]: Entering directory '/home/ztx/SPDZ/mspdz/CMakeFiles/CMakeTmp'
Building C object CMakeFiles/cmTC_2063f.dir/src.c.o
/usr/bin/cc -DRDSEED_RUN_RESULT  -pthread -Wall -funroll-loops -Wno-ignored-attributes -Wno-unused-result -march=native -maes -mrdseed -mrdseed -o CMakeFiles/cmTC_2063f.dir/src.c.o -c /home/ztx/SPDZ/mspdz/CMakeFiles/CMakeTmp/src.c
Linking C executable cmTC_2063f
/usr/bin/cmake -E cmake_link_script CMakeFiles/cmTC_2063f.dir/link.txt --verbose=1
/usr/bin/cc  -pthread -Wall -funroll-loops -Wno-ignored-attributes -Wno-unused-result -march=native -maes -mrdseed -mrdseed -rdynamic CMakeFiles/cmTC_2063f.dir/src.c.o -o cmTC_2063f 
gmake[1]: Leaving directory '/home/ztx/SPDZ/mspdz/CMakeFiles/CMakeTmp'


...and run output:

Return value: 1
Source file was:
#include <x86intrin.h>
int main(){
unsigned long long r;
_rdseed64_step(&r);
return 0;
}

Performing C SOURCE FILE Test RDSEED_RUN_RESULT succeeded with the following compile output:
Change Dir: /home/ztx/SPDZ/mspdz/CMakeFiles/CMakeTmp

Run Build Command(s):/usr/bin/gmake -f Makefile cmTC_93561/fast && /usr/bin/gmake  -f CMakeFiles/cmTC_93561.dir/build.make CMakeFiles/cmTC_93561.dir/build
gmake[1]: Entering directory '/home/ztx/SPDZ/mspdz/CMakeFiles/CMakeTmp'
Building C object CMakeFiles/cmTC_93561.dir/src.c.o
/usr/bin/cc -DRDSEED_RUN_RESULT  -pthread -Wall -funroll-loops -Wno-ignored-attributes -Wno-unused-result -march=native -maes -mrdseed -mrdseed -o CMakeFiles/cmTC_93561.dir/src.c.o -c /home/ztx/SPDZ/mspdz/CMakeFiles/CMakeTmp/src.c
Linking C executable cmTC_93561
/usr/bin/cmake -E cmake_link_script CMakeFiles/cmTC_93561.dir/link.txt --verbose=1
/usr/bin/cc  -pthread -Wall -funroll-loops -Wno-ignored-attributes -Wno-unused-result -march=native -maes -mrdseed -mrdseed -rdynamic CMakeFiles/cmTC_93561.dir/src.c.o -o cmTC_93561 
gmake[1]: Leaving directory '/home/ztx/SPDZ/mspdz/CMakeFiles/CMakeTmp'


...and run output:

Return value: 1
Source file was:
#include <x86intrin.h>
int main(){
unsigned long long r;
_rdseed64_step(&r);
return 0;
}

Performing C SOURCE FILE Test RDSEED_RUN_RESULT succeeded with the following compile output:
Change Dir: /home/ztx/SPDZ/mspdz/CMakeFiles/CMakeTmp

Run Build Command(s):/usr/bin/gmake -f Makefile cmTC_41e8a/fast && /usr/bin/gmake  -f CMakeFiles/cmTC_41e8a.dir/build.make CMakeFiles/cmTC_41e8a.dir/build
gmake[1]: Entering directory '/home/ztx/SPDZ/mspdz/CMakeFiles/CMakeTmp'
Building C object CMakeFiles/cmTC_41e8a.dir/src.c.o
/usr/bin/cc -DRDSEED_RUN_RESULT  -pthread -Wall -funroll-loops -Wno-ignored-attributes -Wno-unused-result -march=native -maes -mrdseed -mrdseed -o CMakeFiles/cmTC_41e8a.dir/src.c.o -c /home/ztx/SPDZ/mspdz/CMakeFiles/CMakeTmp/src.c
Linking C executable cmTC_41e8a
/usr/bin/cmake -E cmake_link_script CMakeFiles/cmTC_41e8a.dir/link.txt --verbose=1
/usr/bin/cc  -pthread -Wall -funroll-loops -Wno-ignored-attributes -Wno-unused-result -march=native -maes -mrdseed -mrdseed -rdynamic CMakeFiles/cmTC_41e8a.dir/src.c.o -o cmTC_41e8a 
gmake[1]: Leaving directory '/home/ztx/SPDZ/mspdz/CMakeFiles/CMakeTmp'


...and run output:

Return value: 1
Source file was:
#include <x86intrin.h>
int main(){
unsigned long long r;
_rdseed64_step(&r);
return 0;
}

Performing C SOURCE FILE Test RDSEED_RUN_RESULT succeeded with the following compile output:
Change Dir: /home/ztx/SPDZ/mspdz/CMakeFiles/CMakeTmp

Run Build Command(s):/usr/bin/gmake -f Makefile cmTC_79208/fast && /usr/bin/gmake  -f CMakeFiles/cmTC_79208.dir/build.make CMakeFiles/cmTC_79208.dir/build
gmake[1]: Entering directory '/home/ztx/SPDZ/mspdz/CMakeFiles/CMakeTmp'
Building C object CMakeFiles/cmTC_79208.dir/src.c.o
/usr/bin/cc -DRDSEED_RUN_RESULT  -pthread -Wall -funroll-loops -Wno-ignored-attributes -Wno-unused-result -march=native -maes -mrdseed -mrdseed -o CMakeFiles/cmTC_79208.dir/src.c.o -c /home/ztx/SPDZ/mspdz/CMakeFiles/CMakeTmp/src.c
Linking C executable cmTC_79208
/usr/bin/cmake -E cmake_link_script CMakeFiles/cmTC_79208.dir/link.txt --verbose=1
/usr/bin/cc  -pthread -Wall -funroll-loops -Wno-ignored-attributes -Wno-unused-result -march=native -maes -mrdseed -mrdseed -rdynamic CMakeFiles/cmTC_79208.dir/src.c.o -o cmTC_79208 
gmake[1]: Leaving directory '/home/ztx/SPDZ/mspdz/CMakeFiles/CMakeTmp'


...and run output:

Return value: 1
Source file was:
#include <x86intrin.h>
int main(){
unsigned long long r;
_rdseed64_step(&r);
return 0;
}

Performing C SOURCE FILE Test RDSEED_RUN_RESULT succeeded with the following compile output:
Change Dir: /home/ztx/SPDZ/mspdz/CMakeFiles/CMakeTmp

Run Build Command(s):/usr/bin/gmake -f Makefile cmTC_664da/fast && /usr/bin/gmake  -f CMakeFiles/cmTC_664da.dir/build.make CMakeFiles/cmTC_664da.dir/build
gmake[1]: Entering directory '/home/ztx/SPDZ/mspdz/CMakeFiles/CMakeTmp'
Building C object CMakeFiles/cmTC_664da.dir/src.c.o
/usr/bin/cc -DRDSEED_RUN_RESULT  -pthread -Wall -funroll-loops -Wno-ignored-attributes -Wno-unused-result -march=native -maes -mrdseed -mrdseed -o CMakeFiles/cmTC_664da.dir/src.c.o -c /home/ztx/SPDZ/mspdz/CMakeFiles/CMakeTmp/src.c
Linking C executable cmTC_664da
/usr/bin/cmake -E cmake_link_script CMakeFiles/cmTC_664da.dir/link.txt --verbose=1
/usr/bin/cc  -pthread -Wall -funroll-loops -Wno-ignored-attributes -Wno-unused-result -march=native -maes -mrdseed -mrdseed -rdynamic CMakeFiles/cmTC_664da.dir/src.c.o -o cmTC_664da 
gmake[1]: Leaving directory '/home/ztx/SPDZ/mspdz/CMakeFiles/CMakeTmp'


...and run output:

Return value: 1
Source file was:
#include <x86intrin.h>
int main(){
unsigned long long r;
_rdseed64_step(&r);
return 0;
}

Performing C SOURCE FILE Test RDSEED_RUN_RESULT succeeded with the following compile output:
Change Dir: /home/ztx/SPDZ/mspdz/CMakeFiles/CMakeTmp

Run Build Command(s):/usr/bin/gmake -f Makefile cmTC_6371d/fast && /usr/bin/gmake  -f CMakeFiles/cmTC_6371d.dir/build.make CMakeFiles/cmTC_6371d.dir/build
gmake[1]: Entering directory '/home/ztx/SPDZ/mspdz/CMakeFiles/CMakeTmp'
Building C object CMakeFiles/cmTC_6371d.dir/src.c.o
/usr/bin/cc -DRDSEED_RUN_RESULT  -pthread -Wall -funroll-loops -Wno-ignored-attributes -Wno-unused-result -march=native -maes -mrdseed -mrdseed -o CMakeFiles/cmTC_6371d.dir/src.c.o -c /home/ztx/SPDZ/mspdz/CMakeFiles/CMakeTmp/src.c
Linking C executable cmTC_6371d
/usr/bin/cmake -E cmake_link_script CMakeFiles/cmTC_6371d.dir/link.txt --verbose=1
/usr/bin/cc  -pthread -Wall -funroll-loops -Wno-ignored-attributes -Wno-unused-result -march=native -maes -mrdseed -mrdseed -rdynamic CMakeFiles/cmTC_6371d.dir/src.c.o -o cmTC_6371d 
gmake[1]: Leaving directory '/home/ztx/SPDZ/mspdz/CMakeFiles/CMakeTmp'


...and run output:

Return value: 1
Source file was:
#include <x86intrin.h>
int main(){
unsigned long long r;
_rdseed64_step(&r);
return 0;
}

Performing C SOURCE FILE Test RDSEED_RUN_RESULT succeeded with the following compile output:
Change Dir: /home/ztx/SPDZ/mspdz/CMakeFiles/CMakeTmp

Run Build Command(s):/usr/bin/gmake -f Makefile cmTC_313ce/fast && /usr/bin/gmake  -f CMakeFiles/cmTC_313ce.dir/build.make CMakeFiles/cmTC_313ce.dir/build
gmake[1]: Entering directory '/home/ztx/SPDZ/mspdz/CMakeFiles/CMakeTmp'
Building C object CMakeFiles/cmTC_313ce.dir/src.c.o
/usr/bin/cc -DRDSEED_RUN_RESULT  -pthread -Wall -funroll-loops -Wno-ignored-attributes -Wno-unused-result -march=native -maes -mrdseed -mrdseed -o CMakeFiles/cmTC_313ce.dir/src.c.o -c /home/ztx/SPDZ/mspdz/CMakeFiles/CMakeTmp/src.c
Linking C executable cmTC_313ce
/usr/bin/cmake -E cmake_link_script CMakeFiles/cmTC_313ce.dir/link.txt --verbose=1
/usr/bin/cc  -pthread -Wall -funroll-loops -Wno-ignored-attributes -Wno-unused-result -march=native -maes -mrdseed -mrdseed -rdynamic CMakeFiles/cmTC_313ce.dir/src.c.o -o cmTC_313ce 
gmake[1]: Leaving directory '/home/ztx/SPDZ/mspdz/CMakeFiles/CMakeTmp'


...and run output:

Return value: 1
Source file was:
#include <x86intrin.h>
int main(){
unsigned long long r;
_rdseed64_step(&r);
return 0;
}

Performing C SOURCE FILE Test RDSEED_RUN_RESULT succeeded with the following compile output:
Change Dir: /home/ztx/SPDZ/mspdz/CMakeFiles/CMakeTmp

Run Build Command(s):/usr/bin/gmake -f Makefile cmTC_7c2f4/fast && /usr/bin/gmake  -f CMakeFiles/cmTC_7c2f4.dir/build.make CMakeFiles/cmTC_7c2f4.dir/build
gmake[1]: Entering directory '/home/ztx/SPDZ/mspdz/CMakeFiles/CMakeTmp'
Building C object CMakeFiles/cmTC_7c2f4.dir/src.c.o
/usr/bin/cc -DRDSEED_RUN_RESULT  -pthread -Wall -funroll-loops -Wno-ignored-attributes -Wno-unused-result -march=native -maes -mrdseed -mrdseed -o CMakeFiles/cmTC_7c2f4.dir/src.c.o -c /home/ztx/SPDZ/mspdz/CMakeFiles/CMakeTmp/src.c
Linking C executable cmTC_7c2f4
/usr/bin/cmake -E cmake_link_script CMakeFiles/cmTC_7c2f4.dir/link.txt --verbose=1
/usr/bin/cc  -pthread -Wall -funroll-loops -Wno-ignored-attributes -Wno-unused-result -march=native -maes -mrdseed -mrdseed -rdynamic CMakeFiles/cmTC_7c2f4.dir/src.c.o -o cmTC_7c2f4 
gmake[1]: Leaving directory '/home/ztx/SPDZ/mspdz/CMakeFiles/CMakeTmp'


...and run output:

Return value: 1
Source file was:
#include <x86intrin.h>
int main(){
unsigned long long r;
_rdseed64_step(&r);
return 0;
}

Performing C SOURCE FILE Test RDSEED_RUN_RESULT succeeded with the following compile output:
Change Dir: /home/ztx/SPDZ/mspdz/CMakeFiles/CMakeTmp

Run Build Command(s):/usr/bin/gmake -f Makefile cmTC_7d746/fast && /usr/bin/gmake  -f CMakeFiles/cmTC_7d746.dir/build.make CMakeFiles/cmTC_7d746.dir/build
gmake[1]: Entering directory '/home/ztx/SPDZ/mspdz/CMakeFiles/CMakeTmp'
Building C object CMakeFiles/cmTC_7d746.dir/src.c.o
/usr/bin/cc -DRDSEED_RUN_RESULT  -pthread -Wall -funroll-loops -Wno-ignored-attributes -Wno-unused-result -march=native -maes -mrdseed -mrdseed -o CMakeFiles/cmTC_7d746.dir/src.c.o -c /home/ztx/SPDZ/mspdz/CMakeFiles/CMakeTmp/src.c
Linking C executable cmTC_7d746
/usr/bin/cmake -E cmake_link_script CMakeFiles/cmTC_7d746.dir/link.txt --verbose=1
/usr/bin/cc  -pthread -Wall -funroll-loops -Wno-ignored-attributes -Wno-unused-result -march=native -maes -mrdseed -mrdseed -rdynamic CMakeFiles/cmTC_7d746.dir/src.c.o -o cmTC_7d746 
gmake[1]: Leaving directory '/home/ztx/SPDZ/mspdz/CMakeFiles/CMakeTmp'


...and run output:

Return value: 1
Source file was:
#include <x86intrin.h>
int main(){
unsigned long long r;
_rdseed64_step(&r);
return 0;
}

Performing C SOURCE FILE Test RDSEED_RUN_RESULT succeeded with the following compile output:
Change Dir: /home/ztx/SPDZ/mspdz/CMakeFiles/CMakeTmp

Run Build Command(s):/usr/bin/gmake -f Makefile cmTC_2e0ec/fast && /usr/bin/gmake  -f CMakeFiles/cmTC_2e0ec.dir/build.make CMakeFiles/cmTC_2e0ec.dir/build
gmake[1]: Entering directory '/home/ztx/SPDZ/mspdz/CMakeFiles/CMakeTmp'
Building C object CMakeFiles/cmTC_2e0ec.dir/src.c.o
/usr/bin/cc -DRDSEED_RUN_RESULT  -pthread -Wall -funroll-loops -Wno-ignored-attributes -Wno-unused-result -march=native -maes -mrdseed -mrdseed -o CMakeFiles/cmTC_2e0ec.dir/src.c.o -c /home/ztx/SPDZ/mspdz/CMakeFiles/CMakeTmp/src.c
Linking C executable cmTC_2e0ec
/usr/bin/cmake -E cmake_link_script CMakeFiles/cmTC_2e0ec.dir/link.txt --verbose=1
/usr/bin/cc  -pthread -Wall -funroll-loops -Wno-ignored-attributes -Wno-unused-result -march=native -maes -mrdseed -mrdseed -rdynamic CMakeFiles/cmTC_2e0ec.dir/src.c.o -o cmTC_2e0ec 
gmake[1]: Leaving directory '/home/ztx/SPDZ/mspdz/CMakeFiles/CMakeTmp'


...and run output:

Return value: 1
Source file was:
#include <x86intrin.h>
int main(){
unsigned long long r;
_rdseed64_step(&r);
return 0;
}

Performing C SOURCE FILE Test RDSEED_RUN_RESULT succeeded with the following compile output:
Change Dir: /home/ztx/SPDZ/mspdz/CMakeFiles/CMakeTmp

Run Build Command(s):/usr/bin/gmake -f Makefile cmTC_25e92/fast && /usr/bin/gmake  -f CMakeFiles/cmTC_25e92.dir/build.make CMakeFiles/cmTC_25e92.dir/build
gmake[1]: Entering directory '/home/ztx/SPDZ/mspdz/CMakeFiles/CMakeTmp'
Building C object CMakeFiles/cmTC_25e92.dir/src.c.o
/usr/bin/cc -DRDSEED_RUN_RESULT  -pthread -Wall -funroll-loops -Wno-ignored-attributes -Wno-unused-result -march=native -maes -mrdseed -mrdseed -o CMakeFiles/cmTC_25e92.dir/src.c.o -c /home/ztx/SPDZ/mspdz/CMakeFiles/CMakeTmp/src.c
Linking C executable cmTC_25e92
/usr/bin/cmake -E cmake_link_script CMakeFiles/cmTC_25e92.dir/link.txt --verbose=1
/usr/bin/cc  -pthread -Wall -funroll-loops -Wno-ignored-attributes -Wno-unused-result -march=native -maes -mrdseed -mrdseed -rdynamic CMakeFiles/cmTC_25e92.dir/src.c.o -o cmTC_25e92 
gmake[1]: Leaving directory '/home/ztx/SPDZ/mspdz/CMakeFiles/CMakeTmp'


...and run output:

Return value: 1
Source file was:
#include <x86intrin.h>
int main(){
unsigned long long r;
_rdseed64_step(&r);
return 0;
}

Performing C SOURCE FILE Test RDSEED_RUN_RESULT succeeded with the following compile output:
Change Dir: /home/ztx/SPDZ/mspdz/CMakeFiles/CMakeTmp

Run Build Command(s):/usr/bin/gmake -f Makefile cmTC_0ca46/fast && /usr/bin/gmake  -f CMakeFiles/cmTC_0ca46.dir/build.make CMakeFiles/cmTC_0ca46.dir/build
gmake[1]: Entering directory '/home/ztx/SPDZ/mspdz/CMakeFiles/CMakeTmp'
Building C object CMakeFiles/cmTC_0ca46.dir/src.c.o
/usr/bin/cc -DRDSEED_RUN_RESULT  -pthread -Wall -funroll-loops -Wno-ignored-attributes -Wno-unused-result -march=native -maes -mrdseed -mrdseed -o CMakeFiles/cmTC_0ca46.dir/src.c.o -c /home/ztx/SPDZ/mspdz/CMakeFiles/CMakeTmp/src.c
Linking C executable cmTC_0ca46
/usr/bin/cmake -E cmake_link_script CMakeFiles/cmTC_0ca46.dir/link.txt --verbose=1
/usr/bin/cc  -pthread -Wall -funroll-loops -Wno-ignored-attributes -Wno-unused-result -march=native -maes -mrdseed -mrdseed -rdynamic CMakeFiles/cmTC_0ca46.dir/src.c.o -o cmTC_0ca46 
gmake[1]: Leaving directory '/home/ztx/SPDZ/mspdz/CMakeFiles/CMakeTmp'


...and run output:

Return value: 1
Source file was:
#include <x86intrin.h>
int main(){
unsigned long long r;
_rdseed64_step(&r);
return 0;
}

Performing C SOURCE FILE Test RDSEED_RUN_RESULT succeeded with the following compile output:
Change Dir: /home/ztx/SPDZ/mspdz/CMakeFiles/CMakeTmp

Run Build Command(s):/usr/bin/gmake -f Makefile cmTC_49315/fast && /usr/bin/gmake  -f CMakeFiles/cmTC_49315.dir/build.make CMakeFiles/cmTC_49315.dir/build
gmake[1]: Entering directory '/home/ztx/SPDZ/mspdz/CMakeFiles/CMakeTmp'
Building C object CMakeFiles/cmTC_49315.dir/src.c.o
/usr/bin/cc -DRDSEED_RUN_RESULT  -pthread -Wall -funroll-loops -Wno-ignored-attributes -Wno-unused-result -march=native -maes -mrdseed -mrdseed -o CMakeFiles/cmTC_49315.dir/src.c.o -c /home/ztx/SPDZ/mspdz/CMakeFiles/CMakeTmp/src.c
Linking C executable cmTC_49315
/usr/bin/cmake -E cmake_link_script CMakeFiles/cmTC_49315.dir/link.txt --verbose=1
/usr/bin/cc  -pthread -Wall -funroll-loops -Wno-ignored-attributes -Wno-unused-result -march=native -maes -mrdseed -mrdseed -rdynamic CMakeFiles/cmTC_49315.dir/src.c.o -o cmTC_49315 
gmake[1]: Leaving directory '/home/ztx/SPDZ/mspdz/CMakeFiles/CMakeTmp'


...and run output:

Return value: 1
Source file was:
#include <x86intrin.h>
int main(){
unsigned long long r;
_rdseed64_step(&r);
return 0;
}

Performing C SOURCE FILE Test RDSEED_RUN_RESULT succeeded with the following compile output:
Change Dir: /home/ztx/SPDZ/mspdz/CMakeFiles/CMakeTmp

Run Build Command(s):/usr/bin/gmake -f Makefile cmTC_3cfa3/fast && /usr/bin/gmake  -f CMakeFiles/cmTC_3cfa3.dir/build.make CMakeFiles/cmTC_3cfa3.dir/build
gmake[1]: Entering directory '/home/ztx/SPDZ/mspdz/CMakeFiles/CMakeTmp'
Building C object CMakeFiles/cmTC_3cfa3.dir/src.c.o
/usr/bin/cc -DRDSEED_RUN_RESULT  -pthread -Wall -funroll-loops -Wno-ignored-attributes -Wno-unused-result -march=native -maes -mrdseed -mrdseed -o CMakeFiles/cmTC_3cfa3.dir/src.c.o -c /home/ztx/SPDZ/mspdz/CMakeFiles/CMakeTmp/src.c
Linking C executable cmTC_3cfa3
/usr/bin/cmake -E cmake_link_script CMakeFiles/cmTC_3cfa3.dir/link.txt --verbose=1
/usr/bin/cc  -pthread -Wall -funroll-loops -Wno-ignored-attributes -Wno-unused-result -march=native -maes -mrdseed -mrdseed -rdynamic CMakeFiles/cmTC_3cfa3.dir/src.c.o -o cmTC_3cfa3 
gmake[1]: Leaving directory '/home/ztx/SPDZ/mspdz/CMakeFiles/CMakeTmp'


...and run output:

Return value: 1
Source file was:
#include <x86intrin.h>
int main(){
unsigned long long r;
_rdseed64_step(&r);
return 0;
}

Performing C SOURCE FILE Test RDSEED_RUN_RESULT succeeded with the following compile output:
Change Dir: /home/ztx/SPDZ/mspdz/CMakeFiles/CMakeTmp

Run Build Command(s):/usr/bin/gmake -f Makefile cmTC_dde5a/fast && /usr/bin/gmake  -f CMakeFiles/cmTC_dde5a.dir/build.make CMakeFiles/cmTC_dde5a.dir/build
gmake[1]: Entering directory '/home/ztx/SPDZ/mspdz/CMakeFiles/CMakeTmp'
Building C object CMakeFiles/cmTC_dde5a.dir/src.c.o
/usr/bin/cc -DRDSEED_RUN_RESULT  -pthread -Wall -funroll-loops -Wno-ignored-attributes -Wno-unused-result -march=native -maes -mrdseed -mrdseed -o CMakeFiles/cmTC_dde5a.dir/src.c.o -c /home/ztx/SPDZ/mspdz/CMakeFiles/CMakeTmp/src.c
Linking C executable cmTC_dde5a
/usr/bin/cmake -E cmake_link_script CMakeFiles/cmTC_dde5a.dir/link.txt --verbose=1
/usr/bin/cc  -pthread -Wall -funroll-loops -Wno-ignored-attributes -Wno-unused-result -march=native -maes -mrdseed -mrdseed -rdynamic CMakeFiles/cmTC_dde5a.dir/src.c.o -o cmTC_dde5a 
gmake[1]: Leaving directory '/home/ztx/SPDZ/mspdz/CMakeFiles/CMakeTmp'


...and run output:

Return value: 1
Source file was:
#include <x86intrin.h>
int main(){
unsigned long long r;
_rdseed64_step(&r);
return 0;
}

Performing C SOURCE FILE Test RDSEED_RUN_RESULT succeeded with the following compile output:
Change Dir: /home/ztx/SPDZ/mspdz/CMakeFiles/CMakeTmp

Run Build Command(s):/usr/bin/gmake -f Makefile cmTC_be2e4/fast && /usr/bin/gmake  -f CMakeFiles/cmTC_be2e4.dir/build.make CMakeFiles/cmTC_be2e4.dir/build
gmake[1]: Entering directory '/home/ztx/SPDZ/mspdz/CMakeFiles/CMakeTmp'
Building C object CMakeFiles/cmTC_be2e4.dir/src.c.o
/usr/bin/cc -DRDSEED_RUN_RESULT  -pthread -Wall -funroll-loops -Wno-ignored-attributes -Wno-unused-result -march=native -maes -mrdseed -mrdseed -o CMakeFiles/cmTC_be2e4.dir/src.c.o -c /home/ztx/SPDZ/mspdz/CMakeFiles/CMakeTmp/src.c
Linking C executable cmTC_be2e4
/usr/bin/cmake -E cmake_link_script CMakeFiles/cmTC_be2e4.dir/link.txt --verbose=1
/usr/bin/cc  -pthread -Wall -funroll-loops -Wno-ignored-attributes -Wno-unused-result -march=native -maes -mrdseed -mrdseed -rdynamic CMakeFiles/cmTC_be2e4.dir/src.c.o -o cmTC_be2e4 
gmake[1]: Leaving directory '/home/ztx/SPDZ/mspdz/CMakeFiles/CMakeTmp'


...and run output:

Return value: 1
Source file was:
#include <x86intrin.h>
int main(){
unsigned long long r;
_rdseed64_step(&r);
return 0;
}

Performing C SOURCE FILE Test RDSEED_RUN_RESULT succeeded with the following compile output:
Change Dir: /home/ztx/SPDZ/mspdz/CMakeFiles/CMakeTmp

Run Build Command(s):/usr/bin/gmake -f Makefile cmTC_56758/fast && /usr/bin/gmake  -f CMakeFiles/cmTC_56758.dir/build.make CMakeFiles/cmTC_56758.dir/build
gmake[1]: Entering directory '/home/ztx/SPDZ/mspdz/CMakeFiles/CMakeTmp'
Building C object CMakeFiles/cmTC_56758.dir/src.c.o
/usr/bin/cc -DRDSEED_RUN_RESULT  -pthread -Wall -funroll-loops -Wno-ignored-attributes -Wno-unused-result -march=native -maes -mrdseed -mrdseed -o CMakeFiles/cmTC_56758.dir/src.c.o -c /home/ztx/SPDZ/mspdz/CMakeFiles/CMakeTmp/src.c
Linking C executable cmTC_56758
/usr/bin/cmake -E cmake_link_script CMakeFiles/cmTC_56758.dir/link.txt --verbose=1
/usr/bin/cc  -pthread -Wall -funroll-loops -Wno-ignored-attributes -Wno-unused-result -march=native -maes -mrdseed -mrdseed -rdynamic CMakeFiles/cmTC_56758.dir/src.c.o -o cmTC_56758 
gmake[1]: Leaving directory '/home/ztx/SPDZ/mspdz/CMakeFiles/CMakeTmp'


...and run output:

Return value: 1
Source file was:
#include <x86intrin.h>
int main(){
unsigned long long r;
_rdseed64_step(&r);
return 0;
}

Performing C SOURCE FILE Test RDSEED_RUN_RESULT succeeded with the following compile output:
Change Dir: /home/ztx/SPDZ/mspdz/CMakeFiles/CMakeTmp

Run Build Command(s):/usr/bin/gmake -f Makefile cmTC_ca576/fast && /usr/bin/gmake  -f CMakeFiles/cmTC_ca576.dir/build.make CMakeFiles/cmTC_ca576.dir/build
gmake[1]: Entering directory '/home/ztx/SPDZ/mspdz/CMakeFiles/CMakeTmp'
Building C object CMakeFiles/cmTC_ca576.dir/src.c.o
/usr/bin/cc -DRDSEED_RUN_RESULT  -pthread -Wall -funroll-loops -Wno-ignored-attributes -Wno-unused-result -march=native -maes -mrdseed -mrdseed -o CMakeFiles/cmTC_ca576.dir/src.c.o -c /home/ztx/SPDZ/mspdz/CMakeFiles/CMakeTmp/src.c
Linking C executable cmTC_ca576
/usr/bin/cmake -E cmake_link_script CMakeFiles/cmTC_ca576.dir/link.txt --verbose=1
/usr/bin/cc  -pthread -Wall -funroll-loops -Wno-ignored-attributes -Wno-unused-result -march=native -maes -mrdseed -mrdseed -rdynamic CMakeFiles/cmTC_ca576.dir/src.c.o -o cmTC_ca576 
gmake[1]: Leaving directory '/home/ztx/SPDZ/mspdz/CMakeFiles/CMakeTmp'


...and run output:

Return value: 1
Source file was:
#include <x86intrin.h>
int main(){
unsigned long long r;
_rdseed64_step(&r);
return 0;
}

Performing C SOURCE FILE Test RDSEED_RUN_RESULT succeeded with the following compile output:
Change Dir: /home/ztx/SPDZ/mspdz/CMakeFiles/CMakeTmp

Run Build Command(s):/usr/bin/gmake -f Makefile cmTC_32e77/fast && /usr/bin/gmake  -f CMakeFiles/cmTC_32e77.dir/build.make CMakeFiles/cmTC_32e77.dir/build
gmake[1]: Entering directory '/home/ztx/SPDZ/mspdz/CMakeFiles/CMakeTmp'
Building C object CMakeFiles/cmTC_32e77.dir/src.c.o
/usr/bin/cc -DRDSEED_RUN_RESULT  -pthread -Wall -funroll-loops -Wno-ignored-attributes -Wno-unused-result -march=native -maes -mrdseed -mrdseed -o CMakeFiles/cmTC_32e77.dir/src.c.o -c /home/ztx/SPDZ/mspdz/CMakeFiles/CMakeTmp/src.c
Linking C executable cmTC_32e77
/usr/bin/cmake -E cmake_link_script CMakeFiles/cmTC_32e77.dir/link.txt --verbose=1
/usr/bin/cc  -pthread -Wall -funroll-loops -Wno-ignored-attributes -Wno-unused-result -march=native -maes -mrdseed -mrdseed -rdynamic CMakeFiles/cmTC_32e77.dir/src.c.o -o cmTC_32e77 
gmake[1]: Leaving directory '/home/ztx/SPDZ/mspdz/CMakeFiles/CMakeTmp'


...and run output:

Return value: 1
Source file was:
#include <x86intrin.h>
int main(){
unsigned long long r;
_rdseed64_step(&r);
return 0;
}

Performing C SOURCE FILE Test RDSEED_RUN_RESULT succeeded with the following compile output:
Change Dir: /home/ztx/SPDZ/mspdz/CMakeFiles/CMakeTmp

Run Build Command(s):/usr/bin/gmake -f Makefile cmTC_40ab4/fast && /usr/bin/gmake  -f CMakeFiles/cmTC_40ab4.dir/build.make CMakeFiles/cmTC_40ab4.dir/build
gmake[1]: Entering directory '/home/ztx/SPDZ/mspdz/CMakeFiles/CMakeTmp'
Building C object CMakeFiles/cmTC_40ab4.dir/src.c.o
/usr/bin/cc -DRDSEED_RUN_RESULT  -pthread -Wall -funroll-loops -Wno-ignored-attributes -Wno-unused-result -march=native -maes -mrdseed -mrdseed -o CMakeFiles/cmTC_40ab4.dir/src.c.o -c /home/ztx/SPDZ/mspdz/CMakeFiles/CMakeTmp/src.c
Linking C executable cmTC_40ab4
/usr/bin/cmake -E cmake_link_script CMakeFiles/cmTC_40ab4.dir/link.txt --verbose=1
/usr/bin/cc  -pthread -Wall -funroll-loops -Wno-ignored-attributes -Wno-unused-result -march=native -maes -mrdseed -mrdseed -rdynamic CMakeFiles/cmTC_40ab4.dir/src.c.o -o cmTC_40ab4 
gmake[1]: Leaving directory '/home/ztx/SPDZ/mspdz/CMakeFiles/CMakeTmp'


...and run output:

Return value: 1
Source file was:
#include <x86intrin.h>
int main(){
unsigned long long r;
_rdseed64_step(&r);
return 0;
}

Performing C SOURCE FILE Test RDSEED_RUN_RESULT succeeded with the following compile output:
Change Dir: /home/ztx/SPDZ/mspdz/CMakeFiles/CMakeTmp

Run Build Command(s):/usr/bin/gmake -f Makefile cmTC_c87a5/fast && /usr/bin/gmake  -f CMakeFiles/cmTC_c87a5.dir/build.make CMakeFiles/cmTC_c87a5.dir/build
gmake[1]: Entering directory '/home/ztx/SPDZ/mspdz/CMakeFiles/CMakeTmp'
Building C object CMakeFiles/cmTC_c87a5.dir/src.c.o
/usr/bin/cc -DRDSEED_RUN_RESULT  -pthread -Wall -funroll-loops -Wno-ignored-attributes -Wno-unused-result -march=native -maes -mrdseed -mrdseed -o CMakeFiles/cmTC_c87a5.dir/src.c.o -c /home/ztx/SPDZ/mspdz/CMakeFiles/CMakeTmp/src.c
Linking C executable cmTC_c87a5
/usr/bin/cmake -E cmake_link_script CMakeFiles/cmTC_c87a5.dir/link.txt --verbose=1
/usr/bin/cc  -pthread -Wall -funroll-loops -Wno-ignored-attributes -Wno-unused-result -march=native -maes -mrdseed -mrdseed -rdynamic CMakeFiles/cmTC_c87a5.dir/src.c.o -o cmTC_c87a5 
gmake[1]: Leaving directory '/home/ztx/SPDZ/mspdz/CMakeFiles/CMakeTmp'


...and run output:

Return value: 1
Source file was:
#include <x86intrin.h>
int main(){
unsigned long long r;
_rdseed64_step(&r);
return 0;
}

Performing C SOURCE FILE Test RDSEED_RUN_RESULT succeeded with the following compile output:
Change Dir: /home/ztx/SPDZ/mspdz/CMakeFiles/CMakeTmp

Run Build Command(s):/usr/bin/gmake -f Makefile cmTC_4ff97/fast && /usr/bin/gmake  -f CMakeFiles/cmTC_4ff97.dir/build.make CMakeFiles/cmTC_4ff97.dir/build
gmake[1]: Entering directory '/home/ztx/SPDZ/mspdz/CMakeFiles/CMakeTmp'
Building C object CMakeFiles/cmTC_4ff97.dir/src.c.o
/usr/bin/cc -DRDSEED_RUN_RESULT  -pthread -Wall -funroll-loops -Wno-ignored-attributes -Wno-unused-result -march=native -maes -mrdseed -mrdseed -o CMakeFiles/cmTC_4ff97.dir/src.c.o -c /home/ztx/SPDZ/mspdz/CMakeFiles/CMakeTmp/src.c
Linking C executable cmTC_4ff97
/usr/bin/cmake -E cmake_link_script CMakeFiles/cmTC_4ff97.dir/link.txt --verbose=1
/usr/bin/cc  -pthread -Wall -funroll-loops -Wno-ignored-attributes -Wno-unused-result -march=native -maes -mrdseed -mrdseed -rdynamic CMakeFiles/cmTC_4ff97.dir/src.c.o -o cmTC_4ff97 
gmake[1]: Leaving directory '/home/ztx/SPDZ/mspdz/CMakeFiles/CMakeTmp'


...and run output:

Return value: 1
Source file was:
#include <x86intrin.h>
int main(){
unsigned long long r;
_rdseed64_step(&r);
return 0;
}

Performing C SOURCE FILE Test RDSEED_RUN_RESULT succeeded with the following compile output:
Change Dir: /home/ztx/SPDZ/mspdz/CMakeFiles/CMakeTmp

Run Build Command(s):/usr/bin/gmake -f Makefile cmTC_e21cc/fast && /usr/bin/gmake  -f CMakeFiles/cmTC_e21cc.dir/build.make CMakeFiles/cmTC_e21cc.dir/build
gmake[1]: Entering directory '/home/ztx/SPDZ/mspdz/CMakeFiles/CMakeTmp'
Building C object CMakeFiles/cmTC_e21cc.dir/src.c.o
/usr/bin/cc -DRDSEED_RUN_RESULT  -pthread -Wall -funroll-loops -Wno-ignored-attributes -Wno-unused-result -march=native -maes -mrdseed -mrdseed -o CMakeFiles/cmTC_e21cc.dir/src.c.o -c /home/ztx/SPDZ/mspdz/CMakeFiles/CMakeTmp/src.c
Linking C executable cmTC_e21cc
/usr/bin/cmake -E cmake_link_script CMakeFiles/cmTC_e21cc.dir/link.txt --verbose=1
/usr/bin/cc  -pthread -Wall -funroll-loops -Wno-ignored-attributes -Wno-unused-result -march=native -maes -mrdseed -mrdseed -rdynamic CMakeFiles/cmTC_e21cc.dir/src.c.o -o cmTC_e21cc 
gmake[1]: Leaving directory '/home/ztx/SPDZ/mspdz/CMakeFiles/CMakeTmp'


...and run output:

Return value: 1
Source file was:
#include <x86intrin.h>
int main(){
unsigned long long r;
_rdseed64_step(&r);
return 0;
}

Performing C SOURCE FILE Test RDSEED_RUN_RESULT succeeded with the following compile output:
Change Dir: /home/ztx/SPDZ/mspdz/CMakeFiles/CMakeTmp

Run Build Command(s):/usr/bin/gmake -f Makefile cmTC_41666/fast && /usr/bin/gmake  -f CMakeFiles/cmTC_41666.dir/build.make CMakeFiles/cmTC_41666.dir/build
gmake[1]: Entering directory '/home/ztx/SPDZ/mspdz/CMakeFiles/CMakeTmp'
Building C object CMakeFiles/cmTC_41666.dir/src.c.o
/usr/bin/cc -DRDSEED_RUN_RESULT  -pthread -Wall -funroll-loops -Wno-ignored-attributes -Wno-unused-result -march=native -maes -mrdseed -mrdseed -o CMakeFiles/cmTC_41666.dir/src.c.o -c /home/ztx/SPDZ/mspdz/CMakeFiles/CMakeTmp/src.c
Linking C executable cmTC_41666
/usr/bin/cmake -E cmake_link_script CMakeFiles/cmTC_41666.dir/link.txt --verbose=1
/usr/bin/cc  -pthread -Wall -funroll-loops -Wno-ignored-attributes -Wno-unused-result -march=native -maes -mrdseed -mrdseed -rdynamic CMakeFiles/cmTC_41666.dir/src.c.o -o cmTC_41666 
gmake[1]: Leaving directory '/home/ztx/SPDZ/mspdz/CMakeFiles/CMakeTmp'


...and run output:

Return value: 1
Source file was:
#include <x86intrin.h>
int main(){
unsigned long long r;
_rdseed64_step(&r);
return 0;
}

Performing C SOURCE FILE Test RDSEED_RUN_RESULT succeeded with the following compile output:
Change Dir: /home/ztx/SPDZ/mspdz/CMakeFiles/CMakeTmp

Run Build Command(s):/usr/bin/gmake -f Makefile cmTC_0216e/fast && /usr/bin/gmake  -f CMakeFiles/cmTC_0216e.dir/build.make CMakeFiles/cmTC_0216e.dir/build
gmake[1]: Entering directory '/home/ztx/SPDZ/mspdz/CMakeFiles/CMakeTmp'
Building C object CMakeFiles/cmTC_0216e.dir/src.c.o
/usr/bin/cc -DRDSEED_RUN_RESULT  -pthread -Wall -funroll-loops -Wno-ignored-attributes -Wno-unused-result -march=native -maes -mrdseed -mrdseed -o CMakeFiles/cmTC_0216e.dir/src.c.o -c /home/ztx/SPDZ/mspdz/CMakeFiles/CMakeTmp/src.c
Linking C executable cmTC_0216e
/usr/bin/cmake -E cmake_link_script CMakeFiles/cmTC_0216e.dir/link.txt --verbose=1
/usr/bin/cc  -pthread -Wall -funroll-loops -Wno-ignored-attributes -Wno-unused-result -march=native -maes -mrdseed -mrdseed -rdynamic CMakeFiles/cmTC_0216e.dir/src.c.o -o cmTC_0216e 
gmake[1]: Leaving directory '/home/ztx/SPDZ/mspdz/CMakeFiles/CMakeTmp'


...and run output:

Return value: 1
Source file was:
#include <x86intrin.h>
int main(){
unsigned long long r;
_rdseed64_step(&r);
return 0;
}

Performing C SOURCE FILE Test RDSEED_RUN_RESULT succeeded with the following compile output:
Change Dir: /home/ztx/SPDZ/mspdz/CMakeFiles/CMakeTmp

Run Build Command(s):/usr/bin/gmake -f Makefile cmTC_b1c95/fast && /usr/bin/gmake  -f CMakeFiles/cmTC_b1c95.dir/build.make CMakeFiles/cmTC_b1c95.dir/build
gmake[1]: Entering directory '/home/ztx/SPDZ/mspdz/CMakeFiles/CMakeTmp'
Building C object CMakeFiles/cmTC_b1c95.dir/src.c.o
/usr/bin/cc -DRDSEED_RUN_RESULT  -pthread -Wall -funroll-loops -Wno-ignored-attributes -Wno-unused-result -march=native -maes -mrdseed -mrdseed -o CMakeFiles/cmTC_b1c95.dir/src.c.o -c /home/ztx/SPDZ/mspdz/CMakeFiles/CMakeTmp/src.c
Linking C executable cmTC_b1c95
/usr/bin/cmake -E cmake_link_script CMakeFiles/cmTC_b1c95.dir/link.txt --verbose=1
/usr/bin/cc  -pthread -Wall -funroll-loops -Wno-ignored-attributes -Wno-unused-result -march=native -maes -mrdseed -mrdseed -rdynamic CMakeFiles/cmTC_b1c95.dir/src.c.o -o cmTC_b1c95 
gmake[1]: Leaving directory '/home/ztx/SPDZ/mspdz/CMakeFiles/CMakeTmp'


...and run output:

Return value: 1
Source file was:
#include <x86intrin.h>
int main(){
unsigned long long r;
_rdseed64_step(&r);
return 0;
}

Performing C SOURCE FILE Test RDSEED_RUN_RESULT succeeded with the following compile output:
Change Dir: /home/ztx/SPDZ/mspdz/CMakeFiles/CMakeTmp

Run Build Command(s):/usr/bin/gmake -f Makefile cmTC_0c7ea/fast && /usr/bin/gmake  -f CMakeFiles/cmTC_0c7ea.dir/build.make CMakeFiles/cmTC_0c7ea.dir/build
gmake[1]: Entering directory '/home/ztx/SPDZ/mspdz/CMakeFiles/CMakeTmp'
Building C object CMakeFiles/cmTC_0c7ea.dir/src.c.o
/usr/bin/cc -DRDSEED_RUN_RESULT  -pthread -Wall -funroll-loops -Wno-ignored-attributes -Wno-unused-result -march=native -maes -mrdseed -mrdseed -o CMakeFiles/cmTC_0c7ea.dir/src.c.o -c /home/ztx/SPDZ/mspdz/CMakeFiles/CMakeTmp/src.c
Linking C executable cmTC_0c7ea
/usr/bin/cmake -E cmake_link_script CMakeFiles/cmTC_0c7ea.dir/link.txt --verbose=1
/usr/bin/cc  -pthread -Wall -funroll-loops -Wno-ignored-attributes -Wno-unused-result -march=native -maes -mrdseed -mrdseed -rdynamic CMakeFiles/cmTC_0c7ea.dir/src.c.o -o cmTC_0c7ea 
gmake[1]: Leaving directory '/home/ztx/SPDZ/mspdz/CMakeFiles/CMakeTmp'


...and run output:

Return value: 1
Source file was:
#include <x86intrin.h>
int main(){
unsigned long long r;
_rdseed64_step(&r);
return 0;
}

Performing C SOURCE FILE Test RDSEED_RUN_RESULT succeeded with the following compile output:
Change Dir: /home/ztx/SPDZ/mspdz/CMakeFiles/CMakeTmp

Run Build Command(s):/usr/bin/gmake -f Makefile cmTC_d60ed/fast && /usr/bin/gmake  -f CMakeFiles/cmTC_d60ed.dir/build.make CMakeFiles/cmTC_d60ed.dir/build
gmake[1]: Entering directory '/home/ztx/SPDZ/mspdz/CMakeFiles/CMakeTmp'
Building C object CMakeFiles/cmTC_d60ed.dir/src.c.o
/usr/bin/cc -DRDSEED_RUN_RESULT  -pthread -Wall -funroll-loops -Wno-ignored-attributes -Wno-unused-result -march=native -maes -mrdseed -mrdseed -o CMakeFiles/cmTC_d60ed.dir/src.c.o -c /home/ztx/SPDZ/mspdz/CMakeFiles/CMakeTmp/src.c
Linking C executable cmTC_d60ed
/usr/bin/cmake -E cmake_link_script CMakeFiles/cmTC_d60ed.dir/link.txt --verbose=1
/usr/bin/cc  -pthread -Wall -funroll-loops -Wno-ignored-attributes -Wno-unused-result -march=native -maes -mrdseed -mrdseed -rdynamic CMakeFiles/cmTC_d60ed.dir/src.c.o -o cmTC_d60ed 
gmake[1]: Leaving directory '/home/ztx/SPDZ/mspdz/CMakeFiles/CMakeTmp'


...and run output:

Return value: 1
Source file was:
#include <x86intrin.h>
int main(){
unsigned long long r;
_rdseed64_step(&r);
return 0;
}

Performing C SOURCE FILE Test RDSEED_RUN_RESULT succeeded with the following compile output:
Change Dir: /home/ztx/SPDZ/mspdz/CMakeFiles/CMakeTmp

Run Build Command(s):/usr/bin/gmake -f Makefile cmTC_d2335/fast && /usr/bin/gmake  -f CMakeFiles/cmTC_d2335.dir/build.make CMakeFiles/cmTC_d2335.dir/build
gmake[1]: Entering directory '/home/ztx/SPDZ/mspdz/CMakeFiles/CMakeTmp'
Building C object CMakeFiles/cmTC_d2335.dir/src.c.o
/usr/bin/cc -DRDSEED_RUN_RESULT  -pthread -Wall -funroll-loops -Wno-ignored-attributes -Wno-unused-result -march=native -maes -mrdseed -mrdseed -o CMakeFiles/cmTC_d2335.dir/src.c.o -c /home/ztx/SPDZ/mspdz/CMakeFiles/CMakeTmp/src.c
Linking C executable cmTC_d2335
/usr/bin/cmake -E cmake_link_script CMakeFiles/cmTC_d2335.dir/link.txt --verbose=1
/usr/bin/cc  -pthread -Wall -funroll-loops -Wno-ignored-attributes -Wno-unused-result -march=native -maes -mrdseed -mrdseed -rdynamic CMakeFiles/cmTC_d2335.dir/src.c.o -o cmTC_d2335 
gmake[1]: Leaving directory '/home/ztx/SPDZ/mspdz/CMakeFiles/CMakeTmp'


...and run output:

Return value: 1
Source file was:
#include <x86intrin.h>
int main(){
unsigned long long r;
_rdseed64_step(&r);
return 0;
}

